0
2.1944613667493793
2.1944613667493793
2.1944613667526776
2.194461366749376
2.1944613667493793
2.1944613667493833
2.194461366749384
2.194461366732963
2.1944613667493797
2.1944613668364186
2.1944613667493793
2.1944613667493793
2.1944613667493793
2.194453531562342
2.1944613667493793
2.1944613667494237
2.1944613667493793
2.1944613667464
2.1944613667493793
2.1944613667493793
2.194456705623236
2.1944613667493793
2.1944613667493793
2.194461366749351
2.1944613667493793
2.1944613667493793
2.194461366749216
2.19446136674938
2.1944613667562916
2.194461366749379
2.194461366759496
2.19446136674925
2.1944613667493793
2.1944613667493793
2.19446136674938
2.1944613667493793
2.1944613667493793
2.1944613667493793
2.1944613667489437
2.1944613667493793
2.1944613667505
2.1944613667510025
2.194461366761343
2.1944613667503035
2.194461366784407
2.1944613667494304
2.194461366749259
2.1944613667493793
2.1944613667493793
2.1944613667493793
2.1944613667493793
2.1944613667493793
2.1944613667493793
2.1944613667493793
2.1944613667494526
2.194461366749385
2.1944613667493917
2.194461366749482
2.1944613667493793
2.1944613667493793
2.1944613667493793
2.1944613667493806
2.1944613667493793
2.1944613667494686
2.1944613667493877
2.1944613678080054
2.1944613667493793
2.1944613667493793
2.1944613667493895
2.1944613667493793
2.1944613667493793
2.194461373989255
2.1944613667509465
2.194461366749392
2.1944613667493793
2.1944613667493793
2.1944613667493793
2.1944613667493806
2.1944613667493815
2.1944613667493793
2.194461366749385
2.1944613667496835
2.1944613667493793
2.1944613667493793
2.194461366747537
2.1944613667468844
2.1944613667493793
2.19446136674933
2.1944613667493793
2.1944613667494877
2.1944613667493797
2.1944613667493797
2.1944613667494695
2.1944613667497297
2.1944613667493793
2.1944613667493793
2.1944613667493797
2.1944613667493793
2.1944613667493793
2.1944613667493793
2.194461366749891
2.1944613667493793
2.1944613667493797
2.1944613667493793
2.1944613667493793
2.194461366749381
2.1944613667493793
2.194461366749382
2.1944613672538678
2.194461366749378
2.1944613667493797
2.1944613667493793
2.1944613667493793
2.194461366749379
2.1944613667493447
2.1944613667493793
2.1944613667493793
2.194461366749379
2.1944613667493793
2.1944613667493793
2.1944613667493833
2.1944613667493993
2.1944613667493793
2.1944613667493753
2.1944613667493797
2.1944613667493793
2.194461366749379
2.1944613667493793
2.1944613667493793
2.1944613667493793
2.1944613667493793
2.1944613667493793
2.1944613667493793
2.1944613667493793
2.194461366749378
2.1944613667493793
2.1944613667493793
2.1944613667493735
2.1944613667493793
2.1944613667493793
2.1944613667493793
2.19446136674938
2.1944613667493793
2.1944613667493793
2.1944613667493793
2.1944613667493793
2.1944613667493793
2.1944613667493793
2.1944613667493718
2.194461366749371
2.194461366747951
2.1944613667494477
2.1944613667493793
2.1944613667493793
2.1944613667493793
2.1944613667493793
2.1944613667493793
2.1944613667493793
2.1944613667493678
2.194461366710471
2.1944613250044047
2.1944613667493793
2.1944613667494433
2.1944613667493793
2.1944613667493793
2.1944613667493753
2.1944613667493793
2.1944613667493793
2.1944613667493806
2.1944613667493793
2.1944613667493793
2.1944613667493793
2.1944613763976064
2.1944613667493793
2.1944613667495414
2.1944613667493793
2.1944613667493793
2.1944613667493793
2.1944613667493784
2.1944613667493624
2.1944613667493797
2.1944613667493793
2.1944613667493793
2.194461366749594
2.1944613667492012
2.1944613667493793
2.1944613667493793
2.194461366747752
2.1944613667493793
2.1944613667493793
2.194461366749374
2.1944613667493815
2.1944613667493793
2.1944613667493793
2.1944613667492794
2.1944613667493793
2.194461366749379
2.1944613667493793
2.1944613667493793
2.1944613667493793
2.1944613667512547
2.1944613667507817
2.1944613667493793
2.1944613667493846
2.194461366749388
2.1944613667573547
2.1944613667493793
2.1944613667493793
2.1944613667493793
2.1944613667493793
2.1944613667492936
2.1944613667493797
2.1944613667496773
2.1944613667493793
2.1944613667493793
2.194461366815724
2.1944613667493793
2.1944613667493793
2.1944613668029023
2.1944613667492883
2.1944613667493793
2.1944613667493793
2.1944613667493793
2.1944613667493797
2.194461366749352
2.194461366749379
2.1944613667280275
2.19446136674941
2.194461366750645
2.1944613630185734
2.1944613667493793
2.1944613667493793
2.194461366749377
2.194461366749375
2.194461366748123
2.1944613667493837
2.1944613667493793
2.1944613667493793
2.1944613667493793
2.1944613667493793
2.1944613667493793
2.194461366749381
2.194461366749397
2.1944613667493793
2.1944613667493793
2.194461366749379
2.194461366524103
2.1944613667490502
2.1944613667491693
2.194461366749376
2.1944613667493793
2.1944613667493793
2.1944613667493753
2.194461366749294
2.1944613667493793
2.1944613667493793
2.1944613667493793
2.1944613667493793
2.1944613667493793
2.1944613667493793
2.1944613667493793
2.1944613667493793
2.1944613667489055
2.194461366749379
2.1944613667493793
2.1944613667493793
2.194461366749611
2.1944613667493797
2.1944613665811623
2.1944613667494215
2.1944613667493793
2.1944613667493793
2.194461366749404
2.1944613667493793
2.1944613667493797
2.194461366749379
2.1944613667493793
2.1944613667493793
2.1944613667493793
2.1944613667493793
2.1944613667493793
2.1944613667493793
2.1944613667493793
2.194461366749382
2.1944613666143415
2.194461366749379
2.1944613667493793
2.1944613667493793
2.1944613667493793
2.194461366749362
2.194461366749379
2.1944613667493793
2.1944613667491493
2.1944613667493793
2.1944613667493793
2.1944613667493793
2.1944613667493793
2.1944613667493793
2.1944613667493518
2.1944613667493793
2.1944613667493793
2.1944613667493793
2.1944613667493793
2.1944613667493793
2.19446136674938
2.1944613667493793
2.1944613667493793
2.1944613667493793
2.1944613667493793
2.1944613667493793
2.1944613667493793
2.194461366749379
2.1944613667493806
2.1944613667493793
2.1944613667493793
2.194461366748955
2.194461366749372
2.1944613667494757
2.1944613667493793
2.1944613667493793
2.1944613667493793
2.194461366794292
2.1944613667493793
2.1944613667493793
2.1944613667493793
2.1944613667493793
2.194461366747833
2.1944613667493793
2.1944613667398225
2.1944613667493793
2.1944613667493793
2.1944613667493793
2.1944613667493793
2.1944613667493793
2.1944613667493793
2.1944613667493615
2.1944613667495023
2.19446136674938
2.1944613667480075
2.194461366747743
2.1944613667500943
2.1944613684742236
2.194461366749299
2.194461364441324
2.194461366774969
2.194461366744039
2.1944613667493784
2.1944613667493793
2.1944613667493793
2.1944613667493784
2.1944613667493793
2.1944613667493793
2.1944613667493793
2.1944613667493793
2.1944613667493793
2.1944613667493793
2.1944613667485746
2.194461366749376
2.1944613667493793
2.194461366749396
2.1944613667493793
2.1944613667493793
2.1944613667493793
2.1944613667493793
2.194461366749329
2.1944613667493793
2.1944613667559443
2.19446136674938
2.1944613667493793
2.1944613667493784
2.1944613667492825
2.194461366749379
2.1944613667494246
2.1944613667493966
2.1944613667495183
2.1944613667493793
2.1944613667493793
2.1944613667493793
2.194461365473769
2.1944613667493793
2.194461366749314
2.1944613667493402
2.1944613667469888
2.1944613667493793
2.1944613667493793
2.19446136674882
2.1944613667456783
2.1944613667493793
2.1944613667493793
2.194461366749379
2.1944613667494055
2.1944613667493793
2.1944613667493793
2.1944613667493793
2.1944613667493793
2.1944613667493793
2.1944613667493793
2.1944613667493793
2.1944613667493793
2.1944613667493793
2.1944613667493793
2.1944613667493793
2.1944613667493793
2.1944613667493793
2.1944613667493793
2.1944613667178157
2.19446136674937
2.1944613667493793
2.19446136687806
2.1944613667495783
2.194461366769305
2.1944613667501964
2.1944613667493793
2.194461366749338
2.1944613667493793
2.1944613667493793
2.1944613667493793
2.1944613667493793
2.1944613667493793
2.194461366749711
2.1944613667493793
2.1944613667488655
2.1944613667493593
2.194461366749385
2.1944613667493797
2.1944613667506023
2.1944613667493793
2.1944613667493793
2.194461366749377
2.1944613667493793
2.1944613667493793
2.1944613667493793
2.194461366749253
2.1944613667493837
2.1944613667493793
2.194461366839213
2.1944613667493793
2.1944613667493793
2.1944613667493793
2.1944613667493793
2.194461366749552
2.1944613667493793
2.1944613667493793
2.1944613667493793
2.1944620866189415
2.1944613667493793
2.1944613667493793
2.194461366749377
2.1944613667493793
2.1944613667493793
2.1944613667493793
2.1944613667575887
2.1944613667493034
2.1944613667493793
2.194461366749377
2.1944613667493797
2.1944613667493793
2.19446136674942
2.1944613667493793
2.1944613667493793
2.1944613667493793
2.1944613667494197
2.1944613667493833
2.1944613667493793
2.1944613667494743
2.1944613667493793
2.1944613667493793
2.1944613667493975
2.1944613667493793
2.1944613667493793
2.194461366760651
2.194461366749379
2.1944613667493793
2.1944613667493793
2.1944613667493793
2.1944613667493793
2.1944613667493793
2.1944613667493793
2.1944613667493793
2.1944613667493793
2.194461366749464
2.1944613667493793
2.1944613667493793
2.1944613667493793
2.1944613667493793
2.1944613667493793
2.1944613667493793
2.1944613667493793
2.1944613667493793
2.1944613667493793
2.1944613667493793
2.1944613667493793
2.1944613667493793
2.1944613667493793
2.1944613667493793
2.1944613667493793
2.1944613667493793
2.1944613667493793
2.1944613667493793
2.1944613667493797
2.1944613667493793
2.1944613667493793
2.1944613667493793
2.194461366749405
2.1944613667493793
2.1944613667493793
2.194461366782647
2.1944613667493846
2.1944613667521287
2.1944613667493793
2.1944613667493713
2.194461366752857
2.1944613667493793
2.1944613667493793
2.1944613667493793
2.1944613667493793
2.1944613667493793
2.1944613667493793
2.1944613667493793
2.194461366749436
2.1944613667493793
2.1944613667493793
2.1944613667493607
2.1944613667493793
2.1944613667493793
2.1944613667488
2.1944613667493793
2.1944613667493793
2.194461366749366
2.1944613667493775
2.1944613667493793
2.194461366749657
2.1944613667493793
2.1944613667493793
2.1944613667493793
2.1944613667488295
2.1944613667495227
2.1944613667493793
2.1944613667493793
2.1944613667494823
2.1944613667493793
2.1944613667493793
2.1944613667493793
2.1944613667493815
2.1944613667493793
2.1944613667495467
2.1944613667493797
2.194461366749055
2.1944613667493793
2.1944613667493793
2.1944613667493797
2.194461366749373
2.1944613772567325
2.1944613667872153
2.194461366749304
2.1944613667491923
2.1944613667493793
2.1944613667493793
2.1944613605028414
2.1944613667493793
2.1944613667493793
2.1944613667493793
2.194461366558163
2.1944613667493793
2.1944613667489867
2.1944613667493793
2.1944613667493793
2.194461366749379
2.1944613667493793
2.1944613667493793
2.194461366748962
2.1944613667492936
2.1944613669544544
2.1944613667493793
2.1944613667494712
2.1944613667496053
2.1944613667495227
2.194461366749569
2.1944613667493806
2.1944613667493793
2.1944613667493793
2.1944613667493793
2.1944613667493793
2.1944613667493735
2.1944613667506694
2.1944613667493704
2.1944613667502875
2.1944613667493797
2.1944613667564608
2.1944613667493793
2.1944613667493793
2.1944613667500175
2.1944613667493806
2.1944613667493793
2.1944613667493806
2.1944613667493793
2.1944613667493793
2.194461366749371
2.1944613667493793
2.1944613667493793
2.1944613667493793
2.194461366749345
2.1944613667493793
2.1944613667493793
2.1944613667493793
2.1944613667493407
2.1944613666784987
2.1944613667493793
2.1944613667493793
2.1944613667493793
2.1944613667493793
2.1944613667493784
2.194461366749363
2.1944613667485964
2.194461366749378
2.1944613667493926
2.1944613667493793
2.194461366760967
2.194461366749402
2.1944613667493766
2.19446136613735
2.1944613667493793
2.1944583091497503
2.194461366753976
2.1944613667493784
2.194461366749426
2.194461366749379
2.194461366749371
2.1944613667493993
2.194461368604309
2.19446136674938
2.1944613667495125
2.1944613667493793
2.1944613667493793
2.1944613667493806
2.1944613667493797
2.1944613667493793
2.1944613667493713
2.1944613667493558
2.1944613667493793
2.19446136674938
2.1944613667493793
2.1944613667433686
2.1944613640582196
2.1944613667493806
2.1944613667493793
2.1944613667493793
2.1944613667499837
2.1944613667487913
2.1944613667493265
2.194461366749387
2.1944613667493797
2.1944613667493793
2.1944613667493824
2.1944613667498984
2.1944613667493793
2.1944613667493793
2.1944613667522668
2.1944613667493793
2.1944613667592643
2.1944613667494313
2.1944613667493793
2.1944613667493793
2.1944613667493416
2.1944613667493793
2.1944613667493793
2.1944613667493775
2.1944613667493837
2.1944613667493242
2.1944613667493797
2.1944613667493793
2.1944613667493793
2.194461366749376
2.19446136674935
2.194461366753929
2.1944613667493793
2.1944613667493793
2.1944613667493793
2.1944613667493793
2.1944613667669097
2.1944613667493793
2.1944613667493895
2.1944613667493793
2.194461366749379
2.1944613667493793
2.1944613667493793
2.1944613667493797
2.1944613667493793
2.1944613667493793
2.1944613667493793
2.1944613667493793
2.1944613667493793
2.1944613667493966
2.194461366749377
2.1944613667493793
2.1944613667493793
2.194461366749379
2.194461366751756
2.1944613667493793
2.1944613667493793
2.1944613668649575
2.1944613667493784
2.194461369082528
2.1944613667493793
2.194461366751364
2.1944613667493793
2.194461366751695
2.1944613667494077
2.1944613667493793
2.1944613667493855
2.1944613667493726
2.194461366749398
2.1944613667493793
2.1944613667493793
2.1944613667493793
2.1944613667503514
2.1944613667510913
2.1944613667493793
2.1944613667493793
2.1944613667493793
2.1944613667493793
2.1944613667493793
2.1944613667493793
2.1944613667493793
2.1944613970721267
2.194461366749396
2.1944613667493793
2.1944613667494597
2.1944613667493793
2.1944613667493793
2.1944613667493806
2.1944613667493793
2.194461366749879
2.1944613667493793
2.194461366749388
2.1944613667493797
2.1944613667493793
2.1944613667493793
2.1944613667493793
2.194461366749375
2.1944613667493793
2.1944613667493793
2.1944613667493793
2.1944613667493793
2.1944613667493793
2.1944613667493793
2.1944613667493793
2.1944613667493944
2.1944613667493793
2.194461366749322
2.194461366749965
2.1944613667493793
2.1944613667493793
2.1944613667493793
2.1944613667493793
2.1944613667493793
2.1944613667493793
2.1944613667493793
2.1944613666633397
2.1944613667493793
2.1944613667489734
2.1944613667493793
2.1944613667493793
2.1944613667493775
2.1944613667493793
2.1944613667493895
2.1944613667493793
2.1944613667493793
2.1944613667493793
2.1944613667493793
2.1944613667493793
2.194461366749324
2.1944613667493824
2.1944613671057107
2.1944613667493793
2.1944613667493793
2.194461366878747
2.1944613667461317
2.1944613667493793
2.1944613667493793
2.194461366749381
2.1944613667493793
2.194461366716658
2.1944613667491204
2.1944610037856704
2.194461366749236
2.1944613667493837
2.1944613667481505
2.1944613667493607
2.1944613667493735
2.1944613667494974
2.194461366749379
2.1944613667493793
2.194461366749383
2.1944613667493793
2.1944613667493793
2.1944613667493806
2.1944613667493793
2.1944613667493793
2.1944613667492443
2.194461366749346
2.194461365397143
2.1944613667493793
2.1944613667493793
2.1944613667493793
2.1944613667493793
2.1944613667493793
2.1944613667493793
2.1944613667584654
2.1944613667493793
2.194461366749379
2.1944613667493766
2.1944613667493793
2.1944613667493793
2.1944613667493793
2.1944613667493793
2.1944613667493793
2.1944613667493793
2.194461366748615
2.194461366678712
2.1944613667493793
2.194461366749674
2.194461366749379
2.194461366749372
2.1944613667493655
2.1944613667493793
2.1944613664092443
2.194461366749378
2.1944613667493793
2.1944613667493793
2.1944613667493793
2.1944613667493793
2.1944613667493793
2.1944613667493793
2.1944613667493793
2.1944613667493793
2.1944613667493793
2.1944613667517414
2.1944613667493793
2.1944613667493793
2.1944613667493793
2.1944613667493793
2.1944613667493793
2.1944613667493735
2.1944613667493793
2.1944613667480413
2.1944613667496076
2.1944613667493793
2.1944613667493793
2.1944613664487482
2.194461366747748
2.1944613667493793
2.1944613667493793
2.1944613667493793
2.1944613667493793
2.1944613667493034
2.194461366749643
2.194461366749378
2.194461366720436
2.19446136674938
2.1944613667495183
2.1944613667493793
2.1944613667493793
2.1944613669162383
2.1944613667476633
2.1944613667518773
2.1944613667493793
2.1944613667493793
2.1944613667496906
2.1944613667493793
2.194461366721022
2.1944613667493793
2.1944613667493793
2.1944613667493793
2.1944613667493793
2.1944613667484587
2.1944613667493793
2.1944613667493793
2.1944613667493793
2.1944613667493793
2.194461366749344
2.1944613667493793
2.1944613667493877
2.19446136674937
2.1944613667493793
2.1944613667493793
2.194461366749379
2.1944613667493793
2.1944613667493793
2.1944613667493797
2.19446136674938
2.1944613667493793
2.194461366749379
2.1944613667493793
2.1944613667493793
2.1944613667493793
2.1944613630185734
2.1944613667493247
2.19446136674331
2.194461366749379
2.1944613667493793
2.1944613644560174
2.1944613667493793
2.1944613667493793
2.1944613667493793
2.1944613667493753
2.1944613667493793
2.1944613667493793
2.1944613667493793
2.1944613667493793
2.1944613667493793
2.1944613667493793
2.1944613667493793
2.1944613667493793
2.1944613667493855
2.1944613667532793
2.1944613667493793
2.1944613667494095
2.1944613667493793
2.194461366751879
2.1944613667493793
2.1944613667493793
2.1944613667493793
2.1944613667493793
2.19446136674902
2.1944613667493793
2.1944613667493793
2.1944613667493793
2.194461366749379
2.1944613667492474
2.1944613667493793
2.1944613667493793
2.1944613667493793
2.194461366749377
2.1944613667493793
2.1944613667493758
2.19446136674937
2.1944613667493793
2.194461366749379
2.1944613667493793
2.1944613667493793
2.1944613667493793
2.1944613667493793
2.1944613667493793
2.1944613667364568
2.1944613667493793
2.194461366748892
2.194461366749379
2.1944613667493793
2.1944613667493793
2.1944613667196613
2.1944613667493793
2.1944613667493793
2.1944613667493793
2.1944613667493127
2.1944613667493793
2.1944613667494033
2.1944613667493793
2.1944613667493793
2.1944613667493793
2.1944613667493793
2.1944613047627324
2.1944613667493793
2.1944613667493784
2.1944613667493793
2.194461366749051
2.1944613667493598
2.1944613667493793
2.1944613667493797
2.19446136674938
2.1944613667493793
2.19446136674938
2.1944613667493793
2.1944613667493793
2.194461366749309
2.194461366749379
2.1944613667493775
2.1944613667493793
2.1944613667493806
2.1944613667493793
2.1944613667493793
2.1944613667493793
2.1944613667493793
2.1944613667493793
2.1944613667493793
2.194461366749448
2.1944613667493322
2.1944613667493793
2.1944613667493793
2.1944613667493793
2.1944613667493793
2.1944613667493793
2.1944613667493793
2.1944613667493713
2.1944613667493793
2.194461366750998
2.194461366751804
2.19446136674938
2.194461366590274
2.1944613969632196
2.1944613668750272
2.19446136711901
2.1944613667493806
2.1944613667493793
2.1944613667493815
2.1944613667493793
2.194461366802679
2.1944613667493793
2.1944613667465624
2.1944613667493793
2.1944613667493793
2.1944613667702018
2.1944613667493797
2.1944613667493793
2.1944613667493793
2.1944613667493793
2.1944613667493793
2.194461366749351
2.1944613667493793
2.1944613667493793
2.1944613667493797
2.1944613667493793
2.1944613667493766
2.1944613667493793
2.1944613667493793
2.1944613667493815
2.1944613667491484
2.1944613667493793
2.1944613667493797
2.1944613667493793
2.1944613667480057
2.1944613667493793
2.1944613667493726
2.1944613667493793
2.1944613667493793
2.1944613667493793
2.1944613667493793
2.1944613667493793
2.1944613667493775
2.1944613667493793
2.1944613667493793
2.1944613667493793
2.1944613667493793
2.1944613667493793
2.1944613667493793
2.1944613667493793
2.1944613667493793
2.194460614511087
2.194461366749386
2.1944613667493793
2.1944613667493793
2.1944613667493744
2.1944613667493793
2.19446136674937
2.1944613667493824
2.194461366749387
2.1944613667493797
2.194461366749384
2.1944613667493793
2.194461366749408
2.1944613667767086
2.1944613667575537
2.1944613667493793
2.1944613667493793
2.1944613667493793
2.1944613667493793
2.1944613667493793
2.1944613667493793
2.1944613667493793
2.1944613667493793
2.1944613667493793
2.1944613667493793
2.1944613667493793
2.1944613667493793
2.1944613667493797
2.1944613667493793
2.1944613667493793
2.194461366750083
2.194461366744979
2.1944613667538864
2.1944613667493793
2.1944613667493793
2.1944613667493793
2.1944613667608746
2.1944613667493793
2.1944613667493793
2.1944613667493793
2.194461366749568
2.1944613667493824
2.1944613667472574
2.1944613667493793
2.1944613667493784
2.1944613667493793
2.1944613667493758
2.194461366749372
2.1944613667493793
2.1944613667493793
2.1944613667493793
2.1944613667493793
2.1944613667493793
2.1944613667493793
2.1944613667494455
2.1944613667493793
2.1944613667493864
2.1944613667493793
2.1944613667498243
2.1944613667493797
2.1944613667493793
2.1944613667493793
2.1944613667493797
2.1944613667493793
2.1944621496541004
2.1944613667495485
2.1944613667493793
2.1944613667493793
2.1944613667494277
2.194461366749174
2.1944613663620984
2.1944613667494175
2.194461366749757
2.1944613667417356
2.1944613667493793
2.1944613667493793
2.1944613667494197
2.1944613667493793
2.1944613667493797
2.1944613667493793
2.1944613667493793
2.1944613667493806
2.1944613667493793
2.1944613667493793
2.1944613667493793
2.194461366749379
2.1944613630185734
2.1944613667493793
2.1944613667493793
2.1944613667493793
2.1944613667493793
2.1944613667493793
2.1944613667493793
2.1944613667493793
2.1944613667493793
2.1944613667493793
2.1944613667493793
2.1944613667493793
2.1944613667493793
2.1944613667493793
2.1944613667493793
2.1944613667493793
2.1944613667493793
2.1944613667493793
2.194461358570438
2.194461366749368
2.1944613667493793
2.194461366749379
2.1944613667387722
2.194461366749365
2.1944613667493793
2.1944613667493793
2.1944613667493615
2.1944613667493793
2.1944613667493793
2.1944613667493793
2.194461366749391
2.1944613667493793
2.1944613667303345
2.1944613667426225
2.194461366749378
2.1944613667476545
2.1944613667493367
2.1944613667493793
2.194461366749368
2.1944613667493793
2.1944613667493793
2.1944613667493793
2.194461366745207
2.194461366749386
2.1944613667493793
2.1944613667493793
2.1944613667493793
2.1944613667462654
2.1944613667493793
2.1944613667493793
2.1944613667493793
2.1944613668000525
2.1944613667493775
2.1944613667493793
2.194461366749387
2.1944613667493265
2.1944613667493793
2.1944613667489685
2.1944613663518795
2.1944613667493793
2.1944613667376833
2.1944613667493793
2.1944613667493793
2.1944613667493793
2.1944613667493793
2.1944613667493793
2.1944613667493793
2.1944613667493793
2.1944613667493793
2.19446136674915
2.1944613667493793
2.1944613667493793
2.1944613667493793
2.1944613667493793
2.1944613667493793
2.194461366749379
2.1944613667493793
2.1944613667493793
2.1944613667493664
2.1944613667493793
2.1944613667493793
2.1944613667493793
2.194461366729578
2.1944613667492834
2.194461366749324
2.1944613667493265
2.1944613667493793
2.1944613667493793
2.1944613667492456
2.1944613667493793
2.19446136674938
2.1944613667493775
2.194461366749418
2.1944613667493793
2.1944613667493793
2.1944613667493793
2.1944613667493793
2.1944613667493806
2.19446136674938
2.1944613667493815
2.1944613667493793
2.19446136674938
2.1944613667493793
2.1944613667493793
2.1944613667493793
2.1944613667493793
2.1944613667527877
2.1944613667493793
2.1944613667493793
2.194461366749322
2.194461366749505
2.194461366622219
2.1944613667493793
2.1944613667493793
2.1944613667493797
2.1944613667493655
2.1944613667493793
2.1944613667493837
2.1944613667493087
2.194461366749155
2.194461366749371
2.1944613667493793
2.194461366723447
2.1944613667493793
2.1944613667493775
2.194461366744654
2.194461366749378
2.194461366677909
2.1944613667493758
2.1944613732233473
2.194461366842061
2.19446136674942
2.194461366749369
2.194461366749379
2.1944613667493793
2.194461366749536
2.1944613667493793
2.1944613667493793
2.1944613667493793
2.1944613667493793
2.1944613667493793
2.194461366749385
2.1944613667493793
2.1944613667493793
2.1944613667493793
2.1944613667493793
2.1944613667493797
2.1944613667493793
2.1944613667493824
2.19446136674937
2.194461366748972
2.1944613667493793
2.1944613667493793
2.194461366749379
2.1944613667493793
2.1944613667493793
2.1944613667493793
2.1944613667488735
2.194461366749489
2.1944613667493758
2.1944613667493793
2.194461366747981
2.1944613667493793
2.1944613667493793
2.1944613667493793
2.1944613667493793
2.1944613667493744
2.1944613667491977
2.1944613669487003
2.194461366721832
2.194461366749379
2.1944613667493793
2.194461366749415
2.194461366750856
2.19446136674938
2.1944613667493793
2.1944613667493793
2.1944613667493793
2.1944613667493793
2.1944613667493793
2.1944613667493815
2.194461366749475
2.1944613667493793
2.1944613667498323
2.1944613667493793
2.1944613667493793
2.1944613667493793
2.19446136674938
2.1944613667493815
2.19446136674938
2.1944613667493793
2.1944613667493797
2.194461366749371
2.1944613667326127
2.1944613667493793
2.1944613667493793
2.1944613667493793
2.1944613667493793
2.1944613667493793
2.1944613667493793
2.1944613667493793
2.194461366749386
2.1944613667492687
2.1944613667493758
2.1944613667493793
2.1944613667493793
2.1944613667492616
2.1944613667493793
2.1944613667493797
2.1944613667493793
2.194461366749581
2.1944613667493797
2.1944613667286923
2.1944613667493775
2.1944613667493793
2.1944613667496893
2.1944613667493797
2.1944613667493793
2.1944613667493793
2.1944613667493793
2.1944613667494877
2.1944613667497035
2.1944613667493855
2.1944613667494073
2.1944613667459367
2.1944613667493647
2.1944613667493793
2.1944613667493793
2.1944613667493793
2.194461366749367
2.1944613667493793
2.1944613667493793
2.1944613667493793
2.1944613667493793
2.1944613667493793
2.1944613667493793
2.1944613667493793
2.19446136674939
2.194461366988402
2.1944613667493793
2.1944613667493793
2.19446136674937
2.1944613667493793
2.1944613667493793
2.194461366576183
2.194461366749379
2.1944613667493793
2.1944613667493793
2.194461366758928
2.1944613667493793
2.1944613667493793
2.1944613667493793
2.1944613667493793
2.1944613667493793
2.1944613425872586
2.1944613667493793
2.1944613667493758
2.194461366749109
2.194461366736298
2.1944613667401534
2.1944613667493744
2.1944613667493793
2.1944613667493793
2.1944613667493793
2.1944613667493793
2.194461366748725
2.1944613667493793
2.1944613667493815
2.1944613667493784
2.194461366749379
2.1944613667493793
2.194461366749379
2.1944613667493638
2.1944613667493793
2.1944613667493793
2.1944613667493793
2.1944613667493793
2.1944613667492243
2.1944613667493793
2.194461366764353
2.194461366749409
2.1944613667493793
2.1944613667493793
2.1944613667493793
2.194460974402465
2.194461364497451
2.1944613667493793
2.1944613676111793
2.194461366752997
2.1944613667493793
2.1944613667493793
2.1944613660338157
2.1944613667493793
2.1944613667493793
2.1944613667493793
2.194461366749379
2.1944613667493793
2.194461364308289
2.194461366749381
2.1944613667493793
2.194461366749408
2.1944613667488584
2.1944613667493793
2.1944613667493797
2.194461366749335
2.1944613667493793
2.1944613667493793
2.1944613667493793
2.1944613667493793
2.1944613667493793
2.1944613667493793
2.1944613667493793
2.1944613667497723
2.1944613667493793
2.194461366748623
2.1944613667493793
2.1944613667493793
2.1944613667493793
2.1944613667493793
2.1944613667493753
2.1944613667493793
2.1944613667493793
2.1944613667493793
2.194461366749389
2.1944613667491955
2.1944613667493793
2.1944613667493793
2.1944613667493797
2.19446136674929
2.1944613667493793
2.1944613667493793
2.1944613667493793
2.1944613667493793
2.1944613667493793
2.1944613667493797
2.1944613668057347
2.1944613667493793
2.1944613667493793
2.1944613667493647
2.1944613667328134
2.1944613667493793
2.1944613667493793
2.1944613667493793
2.1944613667493784
2.1944613667492847
2.1944613667493793
2.1944613667494237
2.1944613667493864
2.1944613666560833
2.194461366749379
2.1944613667493797
2.1944613667493327
2.1944613667493926
2.1944613667493793
2.1944613667493793
2.1944613667493793
2.1944613667491297
2.1944613667493793
2.194461366749359
2.1944613667493793
2.1944613667493793
2.1944613667487314
2.1944613667493793
2.1944613667493793
2.1944613667493793
2.1944613667493726
2.1944613667493793
2.1944613667493793
2.1944613667493833
2.1944613667493793
2.1944613667493793
2.1944613667493793
2.1944613667493793
2.1944613667493784
2.1944613667371917
2.1944613667493598
2.1944613667524493
2.1944613667493793
2.194461366749384
2.1944613667493793
2.194461366749389
2.1944613667493797
2.1944613667493793
2.1944613667493793
2.1944613667493793
2.1944613667493793
2.1944613667493793
2.1944613667493793
2.194461366749452
2.1944613667493793
2.1944613667493793
2.1944613667493793
2.1944613667493793
2.1944613667493793
2.19446136674938
2.1944613667493793
2.1944613667511588
2.1944613667493793
2.1944613667493793
2.1944613667493873
2.1944613667493797
2.1944613667493793
2.1944613667491635
2.1944613667493793
2.1944613667493793
2.1944613667493793
2.1944613667493793
2.1944613667493793
2.1944613667493793
2.1944613667493793
2.1944613667493793
2.1944613667493718
2.1944613667493793
2.1944613667493793
2.194461366749362
2.1944613667493793
2.1944613667493775
2.19446136674938
2.1944613661732766
2.1944613667493793
2.1944613667493793
2.1944613667493793
2.1944613667493793
2.1944613667493793
2.1944613667458954
2.1944613667493793
2.194461366748906
2.1944613667493944
2.1944613667697515
2.1944613667493793
2.1944613667493793
2.1944613667493797
2.1944613667494237
2.1944613667493793
2.1944613667493793
2.1944613667493793
2.1944613667493793
2.1944613667493793
2.194461366749113
2.19446136674933
2.1944613667493793
2.1944613667493793
2.194461366835124
2.1944613667493793
2.194461366749387
2.1944613667493793
2.1944613667493793
2.1944613667493793
2.1944613667493793
2.1944613667493797
2.1944613667493793
2.1944613667485013
2.1944613667493793
2.1944613667493793
2.1944613667493793
2.1944613667493793
2.1944613667493793
2.1944613667493793
2.1944613667493793
2.1944613667488015
2.1944613667493793
2.1944613667493793
2.1944613667493793
2.1944613667493793
2.1944613667493535
2.1944613667493793
2.1944613667493793
2.1944613667493793
2.1944613667493793
2.194461366749258
2.1944613661803647
2.1944613667493793
2.1944613667493793
2.1944613667493793
2.1944613667493793
2.1944613667493793
2.1944613667493793
2.1944613667493793
2.1944613667493793
2.1944613667493793
2.1944613667493793
2.1944613667493793
2.1944613667493793
2.1944613667493784
2.1944613667493793
2.1944613667493793
2.1944613667475683
2.1944613667493793
2.1944613667493793
2.1944613667493793
2.194461366726783
2.1944613667049255
2.194461366748647
2.1944613667494464
2.1944613667493766
2.1944613662168346
2.1944613667493793
2.1944613667493793
2.1944613667493793
2.19446136674938
2.194461366748268
2.1944613667493793
2.1944613667493793
2.1944613667493793
2.1944613667493793
2.1944613667493793
2.194461366749379
2.1944613667493793
2.1944613667493793
2.1944613667493797
2.1944613667493793
2.1944613667493793
2.1944613667493793
2.1944613667493793
2.1944613667493793
2.1944613667493793
2.1944613667493793
2.1944613667493793
2.1944613667493793
2.1944613667493793
2.1944613667493797
2.1944613667493815
2.1944613667493793
2.1944613667493793
2.1944613667493793
2.1944613667493793
2.194461366748914
2.1944613667493793
2.1944613667493793
2.1944613667493265
2.1944613667493793
2.1944613667493775
2.194461366749379
2.1944613667493793
2.1944613667493793
2.1944613667493793
2.1944613667493793
2.19446136674938
2.1944613667493793
2.1944613667493793
2.194461366749379
2.1944613667499278
2.1944613667493793
2.194461366749388
2.1944613667492474
2.1944613667493758
2.19446136828393
2.194461642031472
2.194461369070704
2.1944613667493793
2.1944613667714115
2.1944613667493913
2.1944613670195103
2.194461422502689
2.1944613667493904
2.194461577628423
2.194461366749383
2.1944613728915785
2.1944613804891184
2.1944613667494473
2.1944613670052115
2.1944613667493793
2.1944613667493793
2.1944613667493793
2.1944613667493793
2.1944613667493793
