0
2.2226362580716774
2.2226362580716774
2.22263625805604
2.222636258071684
2.2226362580716774
2.222636258071745
2.2226362580716956
2.2226362580465695
2.222636258071677
2.222636257616618
2.2226362580716774
2.2226362580716774
2.2226362580716774
2.2226248556631436
2.2226362580716774
2.2226362580716943
2.2226362580716774
2.2226362580705232
2.2226362580716774
2.2226362580716774
2.222632255417109
2.2226362580716774
2.2226362580716774
2.222636258071607
2.2226362580716774
2.2226362580716774
2.2226362580729813
2.2226362580716783
2.222636258085769
2.2226362580716783
2.2226362580858066
2.2226362580720296
2.2226362580716774
2.2226362580716774
2.222636258071676
2.2226362580716774
2.2226362580716774
2.222636258071677
2.222636258069113
2.2226362580716774
2.222636258070616
2.2226362580698464
2.2226362580531838
2.2226362580710575
2.222636258055752
2.2226362580716574
2.2226362580728853
2.2226362580716774
2.2226362580716774
2.2226362580716774
2.2226362580716774
2.2226362580716774
2.222636258071676
2.2226362580716774
2.2226362580714647
2.2226362580716574
2.2226362580716295
2.2226362580713475
2.2226362580716774
2.2226362580716774
2.2226362580716774
2.2226362580716765
2.2226362580716774
2.222636258071616
2.2226362580716748
2.2226362567298095
2.2226362580716774
2.2226362580716774
2.2226362580716517
2.2226362580716774
2.2226362580716774
2.2226362544621447
2.2226362580704224
2.2226362580716525
2.2226362580716774
2.2226362580716774
2.222636258071677
2.2226362580716783
2.2226362580716796
2.2226362580716774
2.222636258071682
2.2226362580718706
2.2226362580716774
2.2226362580716774
2.2226362580662506
2.22263625802847
2.2226362580716774
2.222636258071546
2.2226362580716774
2.2226362580716033
2.222636258071677
2.2226362580716774
2.222636258071644
2.222636258071572
2.2226362580716774
2.2226362580716774
2.2226362580716774
2.2226362580716774
2.2226362580716774
2.2226362580716774
2.222636258071502
2.2226362580716774
2.222636258071677
2.2226362580716774
2.2226362580716774
2.2226362580716743
2.2226362580716774
2.2226362580716814
2.222636257553751
2.222636258071676
2.2226362580716774
2.2226362580716774
2.2226362580716774
2.2226362580716783
2.2226362580719528
2.2226362580716774
2.222636258071678
2.2226362580716823
2.2226362580716774
2.2226362580716774
2.222636258071677
2.2226362580716863
2.2226362580716774
2.2226362580716708
2.2226362580716827
2.2226362580716774
2.2226362580716863
2.2226362580716774
2.222636258071678
2.2226362580716774
2.2226362580716774
2.2226362580716774
2.2226362580716774
2.2226362580716774
2.2226362580716743
2.2226362580716774
2.2226362580716774
2.2226362580718133
2.2226362580716774
2.2226362580716774
2.222636258071678
2.2226362580716787
2.2226362580716774
2.2226362580716774
2.2226362580716774
2.2226362580716774
2.2226362580716774
2.2226362580716774
2.222636258071747
2.2226362580717667
2.222636258071804
2.2226362580716605
2.2226362580716774
2.2226362580716774
2.2226362580716774
2.2226362580716774
2.2226362580716774
2.2226362580716774
2.222636258071662
2.2226362580460695
2.222636189741223
2.2226362580716774
2.222636258071201
2.2226362580716708
2.2226362580716774
2.2226362580716694
2.222636258071677
2.2226362580716774
2.222636258071676
2.2226362580716774
2.2226362580716774
2.222636258071677
2.2226362440345633
2.2226362580716774
2.222636258071918
2.2226362580716774
2.2226362580716774
2.2226362580716774
2.2226362580716765
2.22263625807166
2.222636258071677
2.2226362580716774
2.2226362580716774
2.2226362580696786
2.2226362580696146
2.2226362580716774
2.2226362580716774
2.2226362580267343
2.2226362580716774
2.2226362580716774
2.2226362580716326
2.2226362580716623
2.2226362580716774
2.2226362580716774
2.222636258071452
2.2226362580716774
2.2226362580716765
2.2226362580716774
2.2226362580716774
2.222636258071677
2.2226362580664714
2.222636258067754
2.2226362580716774
2.2226362580716743
2.2226362580716628
2.222636258065603
2.2226362580716774
2.2226362580716774
2.2226362580716774
2.2226362580716774
2.222636258071305
2.222636258071676
2.222636258070733
2.2226362580716774
2.2226362580716774
2.222636257885503
2.2226362580716774
2.2226362580716774
2.222636258036859
2.2226362580474803
2.2226362580716774
2.2226362580716774
2.2226362580716774
2.222636258071677
2.2226362580717582
2.2226362580716783
2.2226362582638317
2.222636258072201
2.222636258071312
2.2226362543408635
2.2226362580716774
2.2226362580716774
2.2226362580716725
2.222636258071671
2.2226362580692265
2.222636258071473
2.2226362580716774
2.2226362580716774
2.2226362580716774
2.2226362580716774
2.2226362580716774
2.2226362580716743
2.2226362580716805
2.2226362580716774
2.2226362580716774
2.222636258071674
2.222636256570411
2.222636258070915
2.2226362580712555
2.22263625807167
2.2226362580716774
2.2226362580716774
2.2226362580716703
2.222636258071402
2.2226362580716774
2.2226362580716774
2.2226362580716774
2.2226362580716774
2.2226362580716774
2.2226362580716774
2.2226362580716774
2.2226362580716774
2.2226362580704935
2.2226362580716765
2.2226362580716774
2.2226362580716774
2.2226362580618
2.222636258071677
2.2226362578286283
2.2226362580714363
2.2226362580716774
2.2226362580716774
2.222636258071656
2.2226362580716774
2.2226362580716765
2.2226362580716765
2.2226362580716756
2.2226362580716774
2.2226362580716774
2.2226362580716774
2.2226362580716774
2.2226362580716756
2.2226362580716774
2.222636258071615
2.222636257901441
2.2226362580716748
2.2226362580716774
2.222636258071677
2.2226362580716774
2.222636258071668
2.2226362580716765
2.222636258071677
2.2226362580704784
2.2226362580716774
2.2226362580716774
2.2226362580716774
2.2226362580716774
2.2226362580716774
2.2226362580716392
2.2226362580716774
2.2226362580716774
2.2226362580716774
2.222636258071677
2.2226362580716774
2.2226362580716734
2.2226362580716774
2.2226362580716774
2.2226362580716774
2.2226362580716774
2.2226362580716774
2.2226362580716774
2.2226362580716765
2.2226362580716756
2.222636258071677
2.222636258071677
2.222636258070357
2.222636258071657
2.2226362580715766
2.2226362580716774
2.2226362580716774
2.222636258071677
2.2226362580411267
2.2226362580716774
2.2226362580716774
2.2226362580716774
2.2226362580716774
2.2226362580667343
2.2226362580716774
2.2226362580441497
2.2226362580716774
2.2226362580716774
2.2226362580716774
2.2226362580716774
2.2226362580716774
2.2226362580716774
2.2226362580716437
2.2226362580674177
2.2226362580716783
2.2226362580649663
2.222636258068241
2.2226362580716046
2.2226362131692463
2.2226362580712142
2.222636253821508
2.222636258013823
2.222636258057067
2.222636258071675
2.2226362580716774
2.222636258071677
2.2226362580716743
2.2226362580716774
2.2226362580716774
2.2226362580716774
2.2226362580716774
2.2226362580716774
2.2226362580716774
2.2226362580706067
2.222636258071692
2.2226362580716774
2.222636258071865
2.2226362580716765
2.2226362580716774
2.2226362580716774
2.222636258071675
2.2226362580710144
2.2226362580716774
2.222636258065043
2.2226362580716743
2.2226362580716787
2.2226362580716765
2.2226362580715633
2.2226362580716765
2.2226362580717374
2.2226362580718306
2.222636258072606
2.2226362580716774
2.2226362580716774
2.2226362580716774
2.2226362559807527
2.2226362580716774
2.2226362580715437
2.2226362580714976
2.2226362580676495
2.2226362580716774
2.2226362580716774
2.222636258070325
2.222636258063658
2.2226362580716774
2.2226362580716774
2.2226362580716765
2.222636258071576
2.2226362580716774
2.2226362580716774
2.2226362580716774
2.2226362580716774
2.2226362580716774
2.222636258071677
2.2226362580716774
2.2226362580716774
2.2226362580716774
2.2226362580716774
2.2226362580716774
2.2226362580716774
2.2226362580716774
2.222636258071677
2.222636257493375
2.2226362580716525
2.2226362580716774
2.222636257995503
2.2226362580715446
2.2226362580520775
2.2226362580712933
2.2226362580716774
2.2226362580715797
2.2226362580716774
2.2226362580716774
2.2226362580716774
2.2226362580716774
2.2226362580716774
2.2226362580710077
2.2226362580716774
2.2226362580667045
2.2226362580715664
2.2226362580716756
2.222636258071678
2.222636258073271
2.222636258071678
2.222636258071678
2.222636258071672
2.2226362580716774
2.2226362580716774
2.2226362580716774
2.2226362580712813
2.2226362580716765
2.2226362580716774
2.2226362579912533
2.2226362580716774
2.2226362580716774
2.2226362580716774
2.2226362580716774
2.2226362580716246
2.2226362580716774
2.2226362580716774
2.2226362580716774
2.2226364021380145
2.2226362580716774
2.2226362580716774
2.222636258071674
2.2226362580716774
2.2226362580716774
2.2226362580716774
2.22263625807313
2.222636258071552
2.2226362580716774
2.2226362580716743
2.222636258071677
2.2226362580716774
2.2226362580716468
2.2226362580716774
2.2226362580716774
2.2226362580716774
2.222636258071681
2.2226362580716983
2.2226362580716774
2.2226362580713688
2.2226362580716774
2.2226362580716774
2.222636258071695
2.2226362580716774
2.2226362580716774
2.2226362580716983
2.2226362580716774
2.2226362580716774
2.2226362580716774
2.2226362580716774
2.2226362580716774
2.2226362580716774
2.2226362580716774
2.2226362580716774
2.2226362580716774
2.2226362580716157
2.2226362580716534
2.2226362580716774
2.2226362580716774
2.2226362580716774
2.2226362580716774
2.2226362580716774
2.2226362580716774
2.2226362580716774
2.2226362580716774
2.2226362580716774
2.2226362580716774
2.222636258071677
2.2226362580716774
2.2226362580716774
2.2226362580716774
2.2226362580716774
2.2226362580716774
2.2226362580716774
2.2226362580716774
2.2226362580716774
2.2226362580716774
2.2226362580716774
2.2226362580714634
2.2226362580716774
2.2226362580716774
2.222636258038468
2.222636258071675
2.2226362580679586
2.2226362580716774
2.2226362580717995
2.222636258108437
2.2226362580716774
2.2226362580716774
2.2226362580716774
2.2226362580716774
2.222636258071677
2.2226362580716774
2.2226362580716774
2.2226362580680528
2.2226362580716774
2.2226362580716765
2.222636258071658
2.2226362580716774
2.2226362580716774
2.222636258069523
2.2226362580716774
2.2226362580716774
2.2226362580716628
2.2226362580716685
2.2226362580716774
2.222636258072061
2.2226362580716774
2.2226362580716774
2.2226362580716774
2.2226362580700227
2.2226362580680976
2.2226362580716774
2.2226362580716774
2.2226362580715433
2.2226362580716774
2.2226362580716774
2.2226362580716774
2.222636258071676
2.2226362580716774
2.2226362580713315
2.222636258071677
2.2226362580712458
2.2226362580716774
2.2226362580716774
2.2226362580716725
2.22263625807167
2.2226360706789423
2.2226362578835452
2.2226362580716383
2.222636258071516
2.2226362580716774
2.222636258071677
2.2226361655740847
2.2226362580716774
2.2226362580716774
2.2226362580716774
2.2226362571448446
2.2226362580716774
2.222636258071091
2.2226362580716774
2.2226362580716774
2.222636258071676
2.2226362580716774
2.2226362580716774
2.2226362580705428
2.2226362580714816
2.222636256065513
2.2226362580716774
2.222636258071519
2.222636258071117
2.222636258071595
2.2226362580715047
2.2226362580716734
2.2226362580716774
2.2226362580716774
2.2226362580716774
2.2226362580716774
2.2226362580716454
2.222636258069693
2.2226362580716477
2.2226362580650125
2.222636258071675
2.2226362580678254
2.2226362580716774
2.2226362580716774
2.2226362580718417
2.2226362580716765
2.2226362580716774
2.2226362580716774
2.2226362580716774
2.2226362580716774
2.2226362580716237
2.2226362580716774
2.2226362580716774
2.2226362580716774
2.2226362580716095
2.2226362580716774
2.2226362580716774
2.2226362580716765
2.222636258071526
2.222636257690837
2.222636258071677
2.2226362580716774
2.2226362580716774
2.2226362580716774
2.222636258071675
2.222636258071652
2.2226362580703745
2.222636258071618
2.222636258071644
2.2226362580716774
2.222636258174261
2.2226362580717076
2.222636258071675
2.2226362544366816
2.2226362580716774
2.2226120960206264
2.2226362580696115
2.2226362580716628
2.2226362580716126
2.222636258071676
2.222636258071621
2.2226362580716565
2.222636262707805
2.2226362580716765
2.2226362580699037
2.222636258071676
2.2226362580716774
2.222636258071678
2.222636258071677
2.222636258071677
2.2226362580715024
2.2226362580716503
2.222636258071677
2.2226362580716756
2.2226362580716774
2.222636258051953
2.2226362426810513
2.222636258071674
2.2226362580716774
2.2226362580716774
2.2226362580711414
2.2226362580676438
2.2226362580711507
2.222636258071676
2.2226362580716774
2.2226362580716774
2.2226362580716863
2.2226362580715784
2.2226362580716774
2.2226362580716774
2.2226362580705574
2.2226362580716774
2.222636258057581
2.222636258071849
2.2226362580716774
2.2226362580716774
2.222636258071622
2.2226362580716774
2.2226362580716774
2.222636258071693
2.222636258071671
2.2226362580715007
2.222636258071677
2.222636258071677
2.2226362580716774
2.222636258071599
2.2226362580714465
2.2226362580647576
2.2226362580716774
2.2226362580716774
2.2226362580716774
2.2226362580716774
2.222636258082853
2.2226362580716774
2.2226362580716614
2.2226362580716774
2.222636258071677
2.2226362580716774
2.2226362580716774
2.2226362580716774
2.2226362580716774
2.2226362580716774
2.2226362580716774
2.2226362580716774
2.222636258071677
2.222636258071664
2.2226362580716748
2.2226362580716774
2.2226362580716774
2.2226362580716774
2.2226362580683805
2.2226362580716774
2.2226362580716774
2.222636257992993
2.2226362580716756
2.2226362555722283
2.2226362580716774
2.22263625806855
2.2226362580716774
2.222636258068794
2.222636258071588
2.2226362580716774
2.222636258071672
2.222636258071667
2.2226362580716894
2.222636258071677
2.2226362580716774
2.2226362580716774
2.2226362580709877
2.2226362580705863
2.2226362580716774
2.2226362580716774
2.2226362580716774
2.2226362580716774
2.2226362580716774
2.2226362580716774
2.2226362580716774
2.222636241789506
2.222636258071671
2.2226362580716774
2.2226362580716277
2.2226362580716774
2.2226362580716774
2.222636258071678
2.2226362580716774
2.222636258071339
2.2226362580716774
2.22263625807165
2.222636258071671
2.2226362580716774
2.2226362580716774
2.2226362580716774
2.2226362580716548
2.2226362580716774
2.2226362580716774
2.2226362580716774
2.2226362580716774
2.2226362580716774
2.2226362580716943
2.2226362580716774
2.2226362580718284
2.2226362580716774
2.2226362580718564
2.2226362580724186
2.2226362580716774
2.2226362580716783
2.2226362580716774
2.2226362580716774
2.2226362580716774
2.2226362580716774
2.2226362580716774
2.2226362581538424
2.2226362580716774
2.2226362580693935
2.2226362580716774
2.222636258071677
2.222636258071674
2.2226362580716774
2.2226362580716756
2.222636258071677
2.2226362580716774
2.2226362580716774
2.2226362580716774
2.2226362580716774
2.222636258071584
2.2226362580716668
2.2226362544696108
2.2226362580716774
2.222636258071677
2.222636257690933
2.2226362580592927
2.2226362580716774
2.222636258071677
2.2226362580716623
2.2226362580716774
2.222636258090119
2.2226362580723933
2.222636130219416
2.222636258069505
2.2226362580716423
2.222636258068491
2.2226362580716135
2.222636258070344
2.222636258071098
2.222636258071675
2.2226362580716774
2.2226362580716645
2.222636258071677
2.2226362580716774
2.2226362580716725
2.2226362580716774
2.2226362580716774
2.2226362580703674
2.2226362580714474
2.222636254893856
2.2226362580716774
2.2226362580716774
2.2226362580716774
2.2226362580716774
2.2226362580716774
2.2226362580716774
2.2226362580748686
2.2226362580716774
2.222636258071675
2.222636258071663
2.2226362580716774
2.2226362580716774
2.2226362580716774
2.2226362580716774
2.2226362580716774
2.2226362580716774
2.222636258070697
2.2226362583233996
2.2226362580716774
2.222636258070915
2.222636258071674
2.222636258071627
2.2226362580716494
2.2226362580716774
2.222636257211729
2.222636258071681
2.2226362580716774
2.222636258071677
2.2226362580716774
2.2226362580716774
2.2226362580716774
2.2226362580716774
2.2226362580716774
2.2226362580716774
2.2226362580716774
2.2226362580398167
2.2226362580716774
2.2226362580716774
2.2226362580716774
2.2226362580716774
2.2226362580716774
2.222636258071703
2.2226362580716774
2.222636258069938
2.2226362580715397
2.2226362580716774
2.2226362580716774
2.2226362580612733
2.2226362580696533
2.2226362580716774
2.2226362580716774
2.222636258071677
2.222636258071677
2.222636258071477
2.222636258071486
2.2226362580716756
2.222636258020581
2.222636258071677
2.2226362580715655
2.2226362580716774
2.2226362580716774
2.222636257970408
2.22263625806848
2.222636258070607
2.2226362580716765
2.2226362580716774
2.222636258071507
2.2226362580716774
2.2226362579850907
2.2226362580716774
2.2226362580716774
2.2226362580716774
2.2226362580716774
2.22263625807104
2.2226362580716774
2.2226362580716774
2.2226362580716774
2.2226362580716774
2.222636258071528
2.2226362580716774
2.2226362580710273
2.2226362580716583
2.2226362580716774
2.2226362580716774
2.222636258071669
2.2226362580716774
2.2226362580716774
2.222636258071677
2.222636258071677
2.2226362580716774
2.222636258071676
2.2226362580716774
2.2226362580716774
2.2226362580716774
2.2226362543408635
2.2226362580715957
2.222636258025393
2.222636258071675
2.2226362580716774
2.2226362516428635
2.2226362580716774
2.2226362580716774
2.2226362580716774
2.222636258071674
2.2226362580716774
2.2226362580716774
2.2226362580716774
2.2226362580716774
2.2226362580716774
2.2226362580716774
2.2226362580716774
2.2226362580716774
2.222636258071686
2.222636258069724
2.2226362580716774
2.2226362580716943
2.2226362580716774
2.2226362580651022
2.2226362580716774
2.2226362580716774
2.2226362580716774
2.2226362580716765
2.2226362580713928
2.2226362580716774
2.2226362580716774
2.222636258071677
2.2226362580716774
2.222636258071612
2.2226362580716774
2.2226362580716774
2.222636258071677
2.222636258071666
2.2226362580716774
2.222636258071671
2.222636258071656
2.2226362580716774
2.222636258071677
2.2226362580716774
2.2226362580716774
2.2226362580716774
2.222636258071677
2.222636258071676
2.222636258047192
2.2226362580716774
2.222636258070275
2.222636258071677
2.2226362580716774
2.222636258071677
2.2226362579450383
2.2226362580716774
2.2226362580716774
2.222636258071677
2.222636258071572
2.2226362580716774
2.222636258071683
2.2226362580716774
2.2226362580716774
2.2226362580716774
2.2226362580716774
2.2226361718317644
2.2226362580716774
2.2226362580716783
2.2226362580716774
2.2226362580710997
2.222636258071654
2.2226362580716774
2.222636258071678
2.222636258071677
2.222636258071677
2.222636258071677
2.2226362580716774
2.2226362580716774
2.222636258071559
2.2226362580716765
2.2226362580716565
2.2226362580716774
2.2226362580716708
2.2226362580716774
2.2226362580716774
2.2226362580716774
2.2226362580716774
2.2226362580716774
2.2226362580716774
2.222636258071592
2.222636258071523
2.2226362580716774
2.2226362580716774
2.2226362580716774
2.2226362580716774
2.2226362580716774
2.2226362580716774
2.222636258071672
2.2226362580716774
2.2226362580698744
2.2226362580656938
2.222636258071677
2.222636257488464
2.22263618796818
2.222636258004787
2.2226362579683516
2.222636258071675
2.2226362580716774
2.2226362580716756
2.222636258071677
2.222636257869422
2.2226362580716774
2.2226362580521535
2.2226362580716774
2.2226362580716774
2.2226362579549503
2.222636258071677
2.222636258071677
2.222636258071677
2.222636258071677
2.2226362580716774
2.2226362580716086
2.2226362580716774
2.2226362580716774
2.222636258071677
2.2226362580716774
2.2226362580716725
2.2226362580716774
2.2226362580716774
2.2226362580716694
2.222636258071407
2.2226362580716774
2.222636258071677
2.2226362580716774
2.2226362580686017
2.2226362580716774
2.222636258071665
2.2226362580716774
2.2226362580716774
2.2226362580716774
2.2226362580716774
2.2226362580716774
2.2226362580716748
2.2226362580716703
2.2226362580716774
2.2226362580716774
2.2226362580716774
2.222636258071676
2.2226362580716774
2.2226362580716774
2.222636258071677
2.222624325385981
2.222636258071688
2.2226362580716774
2.2226362580716774
2.2226362580716734
2.2226362580716774
2.222636258071655
2.222636258071674
2.222636258071672
2.222636258071677
2.222636258071674
2.2226362580716774
2.2226362580716583
2.222636258061182
2.2226362580606795
2.2226362580716774
2.2226362580716774
2.2226362580716774
2.2226362580716774
2.2226362580716774
2.222636258071677
2.2226362580716774
2.2226362580716774
2.2226362580716774
2.2226362580716765
2.2226362580716774
2.2226362580716774
2.222636258071677
2.2226362580716774
2.2226362580716774
2.2226362580615064
2.222636258067659
2.222636258066849
2.2226362580716774
2.2226362580716774
2.2226362580716774
2.2226362580663657
2.2226362580716774
2.2226362580716774
2.2226362580716774
2.222636258071672
2.2226362580716463
2.222636258065559
2.2226362580716774
2.2226362580716756
2.2226362580716774
2.222636258071663
2.222636258071637
2.2226362580716774
2.2226362580716774
2.2226362580716774
2.2226362580716774
2.2226362580716774
2.2226362580717143
2.2226362580716836
2.2226362580716774
2.222636258071629
2.2226362580716774
2.222636258072181
2.2226362580716774
2.2226362580716774
2.2226362580716774
2.222636258071678
2.2226362580716765
2.222634162459136
2.2226362580721712
2.2226362580716774
2.2226362580716774
2.2226362580716876
2.2226362580700973
2.2226362557585535
2.2226362580716756
2.2226362580702532
2.2226362580627637
2.2226362580716774
2.2226362580716774
2.2226362580716854
2.2226362580716774
2.2226362580716774
2.2226362580716774
2.2226362580716774
2.222636258071676
2.2226362580716774
2.2226362580716774
2.222636258071714
2.2226362580716774
2.2226362543408635
2.2226362580716774
2.2226362580716774
2.222636258071678
2.2226362580716774
2.2226362580716774
2.2226362580716774
2.2226362580716774
2.2226362580716774
2.2226362580716774
2.2226362580716774
2.2226362580716774
2.2226362580716774
2.2226362580716774
2.222636258071677
2.2226362580716774
2.2226362580716774
2.2226362580716774
2.2226362486516043
2.222636258071476
2.2226362580716774
2.222636258071676
2.2226362580652768
2.2226362580715135
2.222636258071677
2.2226362580716774
2.2226362580715704
2.2226362580716774
2.2226362580716774
2.2226362580716774
2.222636258071612
2.2226362580716774
2.222636258020906
2.2226362580505095
2.222636258071674
2.2226362580670522
2.2226362580716166
2.222636258071677
2.22263625807165
2.2226362580716774
2.2226362580716774
2.2226362580716774
2.2226362580589214
2.2226362580712515
2.2226362580716774
2.2226362580716774
2.2226362580716774
2.2226362580561525
2.2226362580716774
2.2226362580716774
2.2226362580716774
2.222636257901827
2.2226362580716734
2.2226362580716743
2.222636258071653
2.222636258071544
2.2226362580716774
2.222636258069374
2.2226362562729243
2.2226362580716774
2.2226362579995116
2.2226362580716774
2.222636258071677
2.2226362580716774
2.2226362580716765
2.2226362580716774
2.2226362580716774
2.2226362580716774
2.2226362580716774
2.2226362580715815
2.2226362580716774
2.222636258071677
2.2226362580716774
2.2226362580716774
2.2226362580716774
2.222636258071676
2.2226362580716774
2.2226362580716774
2.2226362580716614
2.2226362580716774
2.2226362580716774
2.2226362580716774
2.2226362580345276
2.2226362580714887
2.22263625807156
2.2226362580715167
2.2226362580716774
2.2226362580716774
2.2226362580712773
2.2226362580716774
2.222636258071676
2.222636258071674
2.222636258071591
2.2226362580716774
2.222636258071677
2.2226362580716774
2.2226362580716774
2.2226362580716743
2.2226362580716756
2.222636258071676
2.2226362580716774
2.2226362580716765
2.2226362580716774
2.2226362580716774
2.2226362580716774
2.2226362580716774
2.2226362580692434
2.2226362580716774
2.2226362580716774
2.2226362580721197
2.222636258071364
2.2226362574990866
2.2226362580716774
2.2226362580716774
2.222636258071677
2.2226362580719643
2.2226362580716774
2.222636258071672
2.2226362580718213
2.222636258072257
2.222636258071702
2.2226362580716774
2.222636258040145
2.2226362580716774
2.2226362580716637
2.222636258060033
2.2226362580716756
2.222636257881413
2.2226362580716157
2.2226362531260833
2.2226362577083125
2.222636258071044
2.222636258071557
2.222636258071672
2.2226362580716774
2.222636258060648
2.2226362580716774
2.2226362580716774
2.2226362580716774
2.2226362580716774
2.2226362580716774
2.2226362580715415
2.2226362580716774
2.2226362580716774
2.2226362580716774
2.2226362580716774
2.2226362580716774
2.2226362580716774
2.2226362580716006
2.2226362580716663
2.2226362580708963
2.2226362580716774
2.2226362580716774
2.222636258071677
2.2226362580716774
2.2226362580716774
2.2226362580716774
2.2226362580668497
2.2226362580712666
2.222636258071663
2.222636258071677
2.222636258070014
2.2226362580716774
2.2226362580716774
2.2226362580716774
2.2226362580716774
2.2226362580716668
2.222636258070986
2.2226362578548313
2.222636257920599
2.222636258071676
2.2226362580716774
2.222636258071615
2.2226362580707866
2.222636258071675
2.2226362580716774
2.2226362580716774
2.2226362580716774
2.2226362580716774
2.2226362580716774
2.222636258071677
2.2226362580715877
2.2226362580716774
2.2226362580710464
2.2226362580716774
2.2226362580716774
2.2226362580716774
2.222636258071661
2.2226362580716366
2.2226362580716765
2.2226362580716774
2.222636258071691
2.222636258071672
2.2226362580061694
2.2226362580716774
2.2226362580716774
2.2226362580716774
2.2226362580716774
2.2226362580716774
2.2226362580716774
2.2226362580716774
2.2226362580715637
2.2226362580699313
2.2226362580716654
2.2226362580716774
2.2226362580716765
2.2226362580713097
2.2226362580716774
2.2226362580716783
2.222636258071677
2.222636258068915
2.222636258071677
2.22263625796974
2.222636258071673
2.2226362580716774
2.2226362580717005
2.222636258071676
2.2226362580716774
2.2226362580716774
2.2226362580716774
2.2226362580708425
2.2226362580715127
2.222636258071674
2.2226362580716867
2.2226362580722774
2.2226362580716668
2.2226362580716774
2.2226362580716774
2.2226362580716774
2.2226362580716885
2.2226362580716774
2.2226362580716774
2.2226362580716774
2.2226362580716774
2.2226362580716774
2.2226362580716774
2.2226362580716774
2.222636258071756
2.222636257840798
2.2226362580716774
2.2226362580716774
2.222636258071635
2.2226362580716774
2.2226362580716774
2.2226362577347327
2.2226362580716748
2.2226362580716774
2.2226362580716774
2.2226362580305845
2.2226362580716774
2.2226362580716774
2.2226362580716774
2.2226362580716774
2.2226362580716774
2.2226362566771365
2.2226362580716774
2.2226362580716326
2.2226362580715193
2.222636258058399
2.2226362580481838
2.222636258071661
2.2226362580716774
2.2226362580716774
2.2226362580716774
2.2226362580716774
2.222636258047994
2.2226362580716774
2.222636258071633
2.2226362580716756
2.2226362580716765
2.2226362580716774
2.222636258071658
2.222636258071678
2.2226362580716774
2.2226362580716774
2.2226362580716774
2.2226362580716774
2.2226362580713865
2.2226362580716774
2.2226362580701218
2.2226362580717423
2.2226362580716774
2.2226362580716774
2.222636258071677
2.2226364445766
2.222636257729779
2.2226362580716774
2.2226362547269582
2.2226362580675576
2.2226362580716774
2.2226362580716774
2.22263625770978
2.222636258071677
2.2226362580716774
2.222636258071677
2.222636258071676
2.2226362580716774
2.222636253544457
2.2226362580716477
2.2226362580716774
2.2226362580716237
2.2226362580710486
2.2226362580716774
2.222636258071677
2.222636258071666
2.2226362580716774
2.2226362580716774
2.2226362580716774
2.2226362580716774
2.2226362580716774
2.2226362580716774
2.2226362580716774
2.222636258073077
2.2226362580716774
2.222636258057872
2.2226362580716756
2.2226362580716774
2.2226362580716774
2.2226362580716774
2.2226362580716357
2.2226362580716774
2.2226362580716774
2.2226362580716774
2.222636258071661
2.2226362580705046
2.2226362580716774
2.222636258071677
2.222636258071676
2.22263625807136
2.2226362580716774
2.2226362580716774
2.2226362580716774
2.2226362580716774
2.2226362580716774
2.222636258071675
2.2226362575408474
2.2226362580716774
2.2226362580716774
2.222636258071653
2.2226362580055175
2.2226362580716774
2.2226362580716774
2.2226362580716774
2.222636258071676
2.2226362580714754
2.2226362580716765
2.222636258071668
2.2226362580716716
2.2226362573637477
2.222636258071676
2.2226362580716734
2.222636258071652
2.2226362580715255
2.2226362580716774
2.2226362580716774
2.2226362580716774
2.2226362580713523
2.2226362580716774
2.2226362580717454
2.2226362580716774
2.2226362580716774
2.222636258070046
2.2226362580716774
2.2226362580716774
2.2226362580716774
2.2226362580716406
2.2226362580716774
2.2226362580716774
2.222636258071629
2.2226362580716774
2.2226362580716774
2.2226362580716774
2.2226362580716774
2.222636258071676
2.2226362580515344
2.222636258071482
2.222636258070225
2.2226362580716774
2.2226362580716734
2.2226362580716774
2.222636258071672
2.222636258071677
2.2226362580716774
2.2226362580716774
2.2226362580716774
2.2226362580716774
2.2226362580716774
2.2226362580716774
2.2226362580713914
2.2226362580716774
2.2226362580716774
2.2226362580716774
2.2226362580716774
2.2226362580716774
2.222636258071676
2.2226362580716774
2.2226362580685866
2.2226362580716774
2.2226362580716774
2.222636258071669
2.2226362580716668
2.2226362580716774
2.2226362580710224
2.2226362580716774
2.2226362580716774
2.2226362580716774
2.2226362580716774
2.2226362580716774
2.2226362580716774
2.2226362580716774
2.2226362580716774
2.2226362580716192
2.2226362580716774
2.222636258071676
2.2226362580708874
2.2226362580716774
2.222636258071661
2.2226362580716725
2.2226362547117366
2.2226362580716774
2.2226362580716774
2.2226362580716774
2.2226362580716774
2.222636258071677
2.222636258068533
2.2226362580716774
2.2226362580693615
2.2226362580716295
2.222636258038393
2.2226362580716774
2.2226362580716774
2.2226362580716774
2.2226362580716557
2.2226362580716774
2.2226362580716774
2.2226362580716774
2.2226362580716774
2.2226362580716774
2.2226362580708092
2.2226362580714616
2.2226362580716774
2.2226362580716774
2.222636258196833
2.222636258071676
2.2226362580713284
2.2226362580716774
2.2226362580716774
2.2226362580716774
2.2226362580716774
2.222636258071677
2.2226362580716774
2.2226362580693895
2.2226362580716774
2.2226362580716774
2.2226362580716774
2.2226362580716774
2.2226362580716774
2.2226362580716765
2.2226362580716774
2.2226362580681713
2.2226362580716774
2.2226362580716774
2.2226362580716774
2.2226362580716774
2.2226362580717147
2.222636258071677
2.2226362580716774
2.2226362580716774
2.2226362580716774
2.2226362580715664
2.2226362574231318
2.2226362580716734
2.2226362580716774
2.2226362580716774
2.2226362580716774
2.2226362580716774
2.2226362580716774
2.2226362580716774
2.2226362580716774
2.2226362580716774
2.2226362580716774
2.2226362580716774
2.2226362580716774
2.222636258071682
2.2226362580716774
2.2226362580716774
2.222636258063342
2.2226362580716774
2.2226362580716774
2.2226362580716774
2.222636258043077
2.2226362580635968
2.222636258057048
2.222636258071708
2.222636258071669
2.22263625775092
2.2226362580716774
2.222636258071677
2.2226362580716774
2.2226362580716654
2.222636258066478
2.2226362580716774
2.2226362580716774
2.2226362580716774
2.2226362580716774
2.2226362580716774
2.2226362580716765
2.2226362580716774
2.2226362580716774
2.2226362580716774
2.2226362580716774
2.2226362580716774
2.2226362580716774
2.2226362580716774
2.2226362580716774
2.2226362580716774
2.2226362580716774
2.2226362580716774
2.2226362580716774
2.2226362580716774
2.2226362580716774
2.2226362580716827
2.2226362580716774
2.2226362580716774
2.2226362580716774
2.2226362580716774
2.2226362580710535
2.2226362580716774
2.222636258071677
2.22263625807168
2.2226362580716774
2.2226362580716796
2.2226362580716774
2.2226362580716774
2.2226362580716774
2.2226362580716774
2.2226362580716774
2.2226362580716783
2.2226362580716774
2.2226362580716774
2.2226362580716765
2.2226362580692425
2.222636258071678
2.222636258071669
2.22263625807153
2.2226362580716734
2.2226362579107604
2.2226361279830993
2.222636257118837
2.2226362580716774
2.2226362580646426
2.2226362580716224
2.222636257877293
2.222636225519503
2.222636258071669
2.222636191398749
2.2226362580716743
2.222636255753966
2.2226362501482892
2.2226362580715993
2.2226362579142975
2.2226362580716774
2.2226362580716774
2.2226362580716774
2.2226362580716774
2.2226362580716774
