0
2.082902375155978
2.082902375155978
2.082902375168317
2.0829023751559745
2.082902375155978
2.0829023751559066
2.082902375155955
2.0829023751975027
2.082902375155978
2.0829023755239993
2.082902375155978
2.082902375155978
2.082902375155978
2.0829216127630326
2.082902375155978
2.082902375155917
2.082902375155978
2.0829023751601117
2.082902375155978
2.082902375155978
2.0829110389432364
2.082902375155978
2.082902375155978
2.082902375156077
2.082902375155978
2.082902375155978
2.0829023751548372
2.0829023751559768
2.0829023751349744
2.0829023751559776
2.0829023751317317
2.082902375155755
2.082902375155978
2.082902375155978
2.082902375155979
2.082902375155978
2.082902375155978
2.082902375155978
2.0829023751589784
2.082902375155978
2.082902375155918
2.082902375156186
2.082902375162508
2.0829023751556743
2.082902375136876
2.0829023751559466
2.0829023751548905
2.082902375155978
2.082902375155978
2.082902375155978
2.082902375155978
2.082902375155978
2.082902375155979
2.082902375155978
2.082902375156118
2.082902375155992
2.082902375156013
2.0829023751562055
2.082902375155978
2.082902375155978
2.082902375155978
2.0829023751559776
2.082902375155978
2.08290237515595
2.0829023751559723
2.0829023754392235
2.082902375155978
2.082902375155978
2.0829023751559936
2.082902375155978
2.082902375155978
2.08290237152564
2.082902375155666
2.08290237515599
2.082902375155978
2.082902375155978
2.0829023751559785
2.082902375155976
2.0829023751559737
2.082902375155978
2.0829023751559683
2.0829023751554807
2.082902375155978
2.082902375155978
2.0829023751632474
2.08290237520168
2.082902375155978
2.0829023751561584
2.082902375155978
2.0829023751559443
2.082902375155978
2.082902375155978
2.082902375155921
2.082902375155733
2.082902375155978
2.082902375155978
2.082902375155978
2.082902375155978
2.082902375155978
2.082902375155978
2.082902375155642
2.082902375155978
2.0829023751559776
2.082902375155978
2.082902375155978
2.0829023751559794
2.082902375155978
2.0829023751559714
2.082902375169417
2.0829023751559803
2.0829023751559776
2.082902375155978
2.082902375155978
2.0829023751559776
2.0829023751557374
2.082902375155978
2.0829023751559776
2.0829023751559737
2.082902375155978
2.082902375155978
2.0829023751559745
2.0829023751559492
2.082902375155978
2.0829023751559888
2.0829023751559728
2.082902375155978
2.0829023751559697
2.082902375155978
2.0829023751559776
2.082902375155978
2.082902375155978
2.082902375155978
2.082902375155978
2.082902375155978
2.082902375155982
2.082902375155978
2.082902375155978
2.082902375155848
2.082902375155978
2.082902375155978
2.0829023751559776
2.0829023751559763
2.082902375155978
2.082902375155978
2.082902375155978
2.082902375155978
2.082902375155978
2.082902375155978
2.082902375155916
2.0829023751558973
2.0829023751572797
2.0829023751559266
2.082902375155978
2.082902375155978
2.082902375155978
2.082902375155978
2.082902375155978
2.082902375155978
2.082902375156005
2.0829023752204945
2.0829024852314904
2.082902375155978
2.0829023751563907
2.0829023751559848
2.082902375155978
2.08290237515599
2.0829023751559785
2.082902375155978
2.082902375155978
2.082902375155978
2.082902375155978
2.0829023751559785
2.082902379544883
2.082902375155978
2.082902375155575
2.082902375155978
2.082902375155978
2.082902375155978
2.08290237515598
2.0829023751560123
2.082902375155978
2.082902375155978
2.082902375155978
2.0829023751577624
2.082902375158219
2.082902375155978
2.082902375155978
2.082902375202548
2.082902375155978
2.082902375155978
2.0829023751560283
2.082902375155991
2.082902375155978
2.082902375155978
2.082902375156303
2.082902375155978
2.0829023751559794
2.082902375155978
2.082902375155978
2.0829023751559785
2.0829023751593088
2.082902375158499
2.082902375155978
2.0829023751559763
2.0829023751559834
2.0829023751540765
2.082902375155978
2.082902375155978
2.082902375155978
2.082902375155978
2.0829023751564364
2.082902375155979
2.0829023751566247
2.082902375155978
2.082902375155978
2.082902375275808
2.082902375155978
2.082902375155978
2.082902375137273
2.082902375180266
2.082902375155978
2.082902375155978
2.082902375155978
2.082902375155978
2.0829023751559244
2.0829023751559776
2.0829023749851756
2.0829023751554234
2.082902375155078
2.082902371425152
2.082902375155978
2.082902375155978
2.0829023751559856
2.0829023751559888
2.0829023751596853
2.082902375156178
2.082902375155978
2.082902375155978
2.082902375155978
2.082902375155978
2.082902375155978
2.0829023751559794
2.082902375155957
2.082902375155978
2.082902375155978
2.0829023751559825
2.0829023768825228
2.0829023751570697
2.08290237515661
2.0829023751559883
2.082902375155978
2.082902375155978
2.0829023751559888
2.0829023751563387
2.082902375155978
2.082902375155978
2.082902375155978
2.082902375155978
2.082902375155978
2.082902375155978
2.082902375155978
2.082902375155978
2.0829023751576354
2.0829023751559794
2.082902375155978
2.082902375155978
2.0829023751656237
2.082902375155978
2.082902375567245
2.082902375156177
2.082902375155978
2.082902375155978
2.0829023751559745
2.082902375155978
2.0829023751559785
2.0829023751559794
2.08290237515598
2.082902375155978
2.082902375155978
2.082902375155978
2.082902375155978
2.08290237515598
2.082902375155978
2.082902375156038
2.082902375461252
2.082902375155981
2.082902375155978
2.0829023751559785
2.082902375155978
2.0829023751560047
2.0829023751559794
2.0829023751559785
2.082902375157407
2.082902375155978
2.082902375155978
2.082902375155978
2.082902375155978
2.082902375155978
2.082902375156044
2.082902375155978
2.082902375155978
2.082902375155978
2.082902375155978
2.082902375155978
2.082902375155981
2.082902375155978
2.082902375155978
2.082902375155978
2.082902375155978
2.082902375155978
2.082902375155978
2.0829023751559794
2.082902375155979
2.0829023751559785
2.0829023751559785
2.0829023751577225
2.0829023751560056
2.082902375155982
2.082902375155978
2.082902375155978
2.082902375155978
2.0829023751416162
2.082902375155978
2.082902375155978
2.082902375155978
2.082902375155978
2.082902375162467
2.082902375155978
2.0829023751930626
2.082902375155978
2.082902375155978
2.082902375155978
2.082902375155978
2.082902375155978
2.082902375155978
2.08290237515603
2.0829023751601143
2.0829023751559763
2.082902375164061
2.082902375161051
2.082902375155336
2.08290241833361
2.0829023751565217
2.082902381714208
2.082902375188243
2.082902375175929
2.0829023751559808
2.082902375155978
2.0829023751559785
2.082902375155982
2.082902375155978
2.082902375155978
2.082902375155978
2.082902375155978
2.082902375155978
2.082902375155978
2.0829023751578535
2.0829023751559665
2.082902375155978
2.082902375155774
2.082902375155979
2.082902375155978
2.082902375155978
2.08290237515598
2.082902375156691
2.082902375155978
2.0829023751560474
2.0829023751559803
2.0829023751559768
2.08290237515598
2.082902375156189
2.0829023751559794
2.082902375155873
2.082902375155807
2.0829023751549105
2.082902375155978
2.082902375155978
2.082902375155978
2.082902378522516
2.082902375155978
2.0829023751561766
2.082902375156197
2.0829023751623965
2.082902375155978
2.082902375155978
2.0829023751578895
2.082902375167698
2.082902375155978
2.082902375155978
2.082902375155979
2.0829023751560527
2.0829023751559785
2.082902375155978
2.082902375155978
2.082902375155978
2.082902375155978
2.0829023751559785
2.082902375155978
2.082902375155978
2.082902375155978
2.082902375155978
2.082902375155978
2.082902375155978
2.082902375155978
2.082902375155978
2.082902375765845
2.0829023751560123
2.082902375155978
2.082902375103472
2.082902375155912
2.082902375155652
2.082902375155545
2.082902375155978
2.0829023751561166
2.082902375155978
2.082902375155978
2.082902375155978
2.082902375155978
2.082902375155978
2.0829023751563156
2.082902375155978
2.082902375161465
2.082902375156109
2.082902375155974
2.082902375155977
2.0829023751531612
2.0829023751559776
2.082902375155978
2.0829023751559856
2.082902375155978
2.082902375155978
2.082902375155978
2.0829023751565003
2.0829023751559745
2.082902375155978
2.082902375146569
2.082902375155978
2.082902375155978
2.082902375155978
2.082902375155978
2.0829023751558586
2.082902375155978
2.082902375155978
2.082902375155978
2.082901511222184
2.082902375155978
2.082902375155978
2.082902375155984
2.082902375155978
2.082902375155978
2.082902375155978
2.082902375146316
2.0829023751561797
2.082902375155978
2.082902375155984
2.082902375155978
2.082902375155978
2.082902375155968
2.082902375155978
2.082902375155978
2.082902375155978
2.082902375155934
2.0829023751559532
2.082902375155978
2.0829023751561913
2.082902375155978
2.082902375155978
2.082902375155942
2.082902375155978
2.082902375155978
2.0829023751446853
2.082902375155978
2.082902375155978
2.082902375155978
2.082902375155978
2.082902375155978
2.082902375155978
2.082902375155978
2.082902375155978
2.082902375155978
2.082902375155955
2.0829023751560016
2.082902375155978
2.082902375155978
2.082902375155978
2.082902375155978
2.082902375155978
2.082902375155978
2.082902375155978
2.082902375155978
2.082902375155978
2.082902375155978
2.0829023751559785
2.082902375155978
2.082902375155978
2.082902375155978
2.082902375155978
2.082902375155978
2.082902375155978
2.0829023751559776
2.082902375155978
2.082902375155978
2.082902375155978
2.082902375156167
2.082902375155978
2.082902375155978
2.08290237515592
2.082902375155975
2.0829023751569475
2.082902375155978
2.082902375155864
2.082902375115741
2.082902375155978
2.082902375155978
2.082902375155978
2.082902375155978
2.0829023751559785
2.082902375155978
2.082902375155978
2.082902375159546
2.082902375155978
2.082902375155979
2.0829023751560163
2.082902375155978
2.082902375155978
2.0829023751587115
2.082902375155978
2.082902375155978
2.082902375156006
2.082902375155989
2.082902375155978
2.082902375155317
2.082902375155978
2.082902375155978
2.082902375155978
2.0829023751581826
2.082902375159415
2.082902375155978
2.082902375155978
2.082902375156009
2.082902375155978
2.082902375155978
2.082902375155978
2.0829023751559776
2.082902375155978
2.0829023751561566
2.082902375155978
2.082902375156734
2.082902375155978
2.082902375155978
2.0829023751559825
2.0829023751559914
2.0829025520416513
2.0829023753062748
2.0829023751560927
2.082902375156326
2.082902375155978
2.0829023751559785
2.0829024739002695
2.082902375155978
2.082902375155978
2.082902375155978
2.0829023762740277
2.082902375155978
2.082902375156957
2.082902375155978
2.0829023751559785
2.08290237515598
2.082902375155978
2.082902375155978
2.08290237515753
2.08290237515626
2.0829023769570716
2.082902375155978
2.0829023751560447
2.0829023751563125
2.0829023751559173
2.082902375155961
2.0829023751559808
2.082902375155978
2.082902375155978
2.082902375155978
2.082902375155978
2.082902375156016
2.0829023751566726
2.0829023751560167
2.0829023751617353
2.0829023751559794
2.0829023751527487
2.082902375155978
2.082902375155978
2.0829023751551756
2.082902375155978
2.082902375155978
2.0829023751559768
2.082902375155978
2.082902375155978
2.0829023751560403
2.082902375155978
2.082902375155978
2.082902375155978
2.08290237515608
2.082902375155978
2.082902375155978
2.082902375155979
2.082902375156168
2.0829023756076994
2.0829023751559785
2.082902375155978
2.082902375155978
2.082902375155978
2.082902375155981
2.08290237515602
2.0829023751580644
2.082902375156039
2.082902375155998
2.082902375155978
2.0829023750418068
2.0829023751559252
2.082902375155983
2.0829023794030057
2.082902375155978
2.082929594829623
2.0829023751534472
2.0829023751559936
2.0829023751559963
2.0829023751559803
2.082902375156043
2.0829023751559785
2.0829023686649424
2.082902375155978
2.0829023751576186
2.0829023751559794
2.082902375155978
2.0829023751559763
2.082902375155978
2.0829023751559785
2.082902375156161
2.082902375156029
2.0829023751559785
2.082902375155979
2.082902375155978
2.082902375181713
2.082902393237782
2.0829023751559803
2.082902375155978
2.082902375155978
2.0829023751559093
2.0829023751605993
2.0829023751565576
2.082902375155972
2.082902375155978
2.082902375155978
2.082902375155966
2.082902375155558
2.082902375155978
2.082902375155978
2.0829023751542106
2.082902375155978
2.0829023751601894
2.0829023751557547
2.082902375155978
2.082902375155978
2.082902375156072
2.082902375155978
2.082902375155978
2.0829023751559643
2.08290237515598
2.08290237515621
2.082902375155978
2.0829023751559785
2.082902375155978
2.08290237515606
2.0829023751562383
2.0829023751583486
2.082902375155978
2.082902375155978
2.082902375155978
2.082902375155978
2.082902375127272
2.082902375155978
2.082902375155984
2.082902375155978
2.0829023751559794
2.082902375155978
2.082902375155978
2.0829023751559776
2.082902375155978
2.082902375155978
2.082902375155978
2.082902375155978
2.0829023751559785
2.082902375155974
2.0829023751559825
2.082902375155978
2.082902375155978
2.082902375155978
2.082902375156898
2.082902375155978
2.082902375155978
2.0829023751190845
2.0829023751559808
2.082902375322285
2.082902375155978
2.0829023751571207
2.082902375155978
2.082902375156546
2.082902375156039
2.082902375155978
2.082902375155977
2.082902375155995
2.082902375155948
2.082902375155978
2.082902375155978
2.082902375155978
2.0829023751556957
2.0829023751553573
2.082902375155978
2.082902375155978
2.082902375155978
2.082902375155978
2.082902375155978
2.082902375155978
2.082902375155978
2.0829023611154445
2.0829023751559674
2.082902375155978
2.0829023751559474
2.082902375155978
2.082902375155978
2.082902375155976
2.082902375155978
2.0829023751558164
2.082902375155978
2.0829023751559967
2.082902375155984
2.082902375155978
2.082902375155978
2.082902375155978
2.0829023751560056
2.082902375155978
2.082902375155978
2.082902375155978
2.082902375155978
2.082902375155978
2.082902375155961
2.082902375155978
2.082902375155812
2.082902375155978
2.0829023751558564
2.082902375154651
2.082902375155978
2.0829023751559768
2.082902375155978
2.082902375155978
2.082902375155978
2.082902375155978
2.082902375155978
2.082902375159853
2.082902375155978
2.082902375158668
2.082902375155978
2.082902375155978
2.0829023751559834
2.082902375155978
2.08290237515597
2.082902375155978
2.082902375155978
2.082902375155978
2.082902375155978
2.082902375155978
2.0829023751561273
2.0829023751559856
2.0829023784017173
2.082902375155978
2.082902375155978
2.0829023754073552
2.082902375171611
2.082902375155978
2.0829023751559785
2.0829023751559914
2.082902375155978
2.082902375170258
2.082902375155521
2.082902865972086
2.082902375158294
2.082902375156009
2.0829023751603932
2.0829023751560607
2.0829023751573175
2.0829023751564395
2.0829023751559808
2.082902375155978
2.0829023751559874
2.0829023751559785
2.082902375155978
2.0829023751559816
2.082902375155978
2.082902375155978
2.082902375157423
2.0829023751562414
2.082902379686041
2.082902375155978
2.082902375155978
2.082902375155978
2.082902375155978
2.082902375155978
2.082902375155978
2.082902375143701
2.082902375155978
2.0829023751559808
2.082902375155995
2.082902375155978
2.082902375155978
2.082902375155978
2.082902375155978
2.082902375155978
2.082902375155978
2.0829023751577225
2.082902374974924
2.082902375155978
2.0829023751564457
2.0829023751559825
2.082902375156036
2.08290237515602
2.082902375155978
2.0829023763560652
2.082902375155976
2.082902375155978
2.0829023751559785
2.082902375155978
2.082902375155978
2.082902375155978
2.082902375155978
2.082902375155978
2.082902375155978
2.082902375155978
2.0829023751854767
2.082902375155978
2.082902375155978
2.082902375155978
2.082902375155978
2.082902375155978
2.0829023751559577
2.082902375155978
2.0829023751590556
2.0829023751558875
2.082902375155978
2.082902375155978
2.082902375467014
2.0829023751596334
2.082902375155978
2.082902375155978
2.0829023751559785
2.0829023751559785
2.0829023751562543
2.0829023751559057
2.082902375155981
2.082902375236018
2.082902375155978
2.082902375155951
2.082902375155978
2.082902375155978
2.0829023750903883
2.0829023751608915
2.0829023751545503
2.082902375155979
2.082902375155978
2.082902375155837
2.082902375155978
2.082902375270922
2.082902375155978
2.082902375155978
2.082902375155978
2.082902375155978
2.0829023751575355
2.082902375155978
2.082902375155978
2.082902375155978
2.082902375155978
2.082902375156163
2.082902375155978
2.0829023751566194
2.0829023751560065
2.082902375155978
2.082902375155978
2.082902375155987
2.082902375155978
2.082902375155978
2.082902375155978
2.082902375155978
2.082902375155978
2.08290237515598
2.082902375155978
2.082902375155978
2.082902375155978
2.082902371425152
2.0829023751561144
2.0829023752083318
2.0829023751559808
2.082902375155978
2.082902383878161
2.082902375155978
2.082902375155978
2.082902375155978
2.082902375155986
2.082902375155978
2.082902375155978
2.082902375155978
2.082902375155978
2.082902375155978
2.082902375155978
2.082902375155978
2.082902375155978
2.0829023751559634
2.0829023751540316
2.082902375155978
2.082902375155931
2.082902375155978
2.082902375160053
2.082902375155978
2.082902375155978
2.082902375155978
2.082902375155979
2.082902375156622
2.082902375155978
2.082902375155978
2.0829023751559785
2.0829023751559785
2.0829023751561753
2.082902375155978
2.082902375155978
2.082902375155978
2.082902375155992
2.082902375155978
2.0829023751559874
2.0829023751560087
2.082902375155978
2.0829023751559785
2.082902375155978
2.082902375155978
2.082902375155978
2.0829023751559785
2.0829023751559794
2.082902375193386
2.082902375155978
2.0829023751578677
2.082902375155979
2.082902375155978
2.0829023751559785
2.0829023753123357
2.082902375155978
2.082902375155978
2.0829023751559785
2.08290237515615
2.082902375155978
2.0829023751559483
2.082902375155978
2.082902375155978
2.082902375155978
2.082902375155978
2.082902523382643
2.082902375155978
2.082902375155978
2.082902375155978
2.082902375156884
2.0829023751560207
2.082902375155978
2.082902375155977
2.0829023751559776
2.0829023751559785
2.0829023751559776
2.082902375155978
2.082902375155978
2.082902375156167
2.082902375155979
2.0829023751560007
2.082902375155978
2.0829023751559834
2.082902375155978
2.082902375155978
2.082902375155978
2.082902375155978
2.082902375155978
2.082902375155978
2.0829023751559945
2.0829023751561793
2.082902375155978
2.082902375155978
2.082902375155978
2.082902375155978
2.082902375155978
2.082902375155978
2.0829023751559914
2.082902375155978
2.0829023751561624
2.082902375159537
2.0829023751559776
2.082902375898297
2.082902415045726
2.0829023750972206
2.0829023748896742
2.0829023751559785
2.082902375155978
2.0829023751559776
2.0829023751559785
2.082902375304934
2.082902375155978
2.0829023751783184
2.082902375155978
2.082902375155978
2.082902375251883
2.082902375155978
2.0829023751559785
2.0829023751559785
2.0829023751559785
2.082902375155978
2.082902375156075
2.082902375155978
2.082902375155978
2.082902375155978
2.082902375155978
2.082902375155986
2.082902375155978
2.082902375155978
2.082902375155984
2.0829023751564795
2.082902375155978
2.0829023751559785
2.082902375155978
2.082902375160427
2.082902375155978
2.0829023751559976
2.082902375155978
2.082902375155978
2.082902375155978
2.082902375155978
2.082902375155978
2.0829023751559825
2.082902375155985
2.082902375155978
2.082902375155978
2.082902375155978
2.0829023751559794
2.082902375155978
2.082902375155978
2.082902375155978
2.0829150601002664
2.0829023751559608
2.082902375155978
2.082902375155978
2.082902375155987
2.082902375155978
2.0829023751560096
2.082902375155978
2.082902375155976
2.082902375155978
2.0829023751559768
2.082902375155978
2.0829023751559688
2.0829023751391444
2.0829023751588016
2.082902375155978
2.082902375155978
2.082902375155978
2.082902375155978
2.082902375155978
2.082902375155978
2.082902375155978
2.082902375155978
2.082902375155978
2.082902375155979
2.082902375155978
2.082902375155978
2.082902375155978
2.082902375155978
2.082902375155978
2.082902375165445
2.0829023751643976
2.0829023751562996
2.082902375155978
2.082902375155978
2.082902375155978
2.082902375149794
2.082902375155978
2.082902375155978
2.082902375155978
2.082902375155795
2.082902375156006
2.082902375164218
2.082902375155978
2.0829023751559808
2.082902375155978
2.082902375155996
2.0829023751560256
2.082902375155978
2.082902375155978
2.082902375155978
2.082902375155978
2.082902375155978
2.0829023751559412
2.0829023751559057
2.082902375155978
2.082902375156019
2.082902375155978
2.0829023751550295
2.0829023751559776
2.082902375155978
2.082902375155978
2.0829023751559776
2.082902375155979
2.0829036878675504
2.0829023751553146
2.082902375155978
2.082902375155978
2.0829023751559195
2.0829023751577633
2.082902377856385
2.0829023751559417
2.082902375157025
2.0829023751725355
2.082902375155978
2.082902375155978
2.0829023751559297
2.082902375155978
2.082902375155978
2.082902375155978
2.082902375155978
2.0829023751559776
2.082902375155978
2.082902375155978
2.0829023751559417
2.082902375155978
2.082902371425152
2.082902375155978
2.082902375155978
2.082902375155978
2.082902375155978
2.082902375155978
2.082902375155978
2.082902375155978
2.082902375155978
2.082902375155978
2.082902375155978
2.082902375155978
2.082902375155978
2.082902375155978
2.0829023751559785
2.082902375155978
2.082902375155978
2.082902375155978
2.0829023927550154
2.082902375156191
2.082902375155978
2.08290237515598
2.082902375172986
2.082902375156156
2.082902375155978
2.082902375155978
2.082902375156103
2.082902375155978
2.082902375155978
2.082902375155978
2.082902375156032
2.082902375155978
2.0829023752257942
2.0829023751839024
2.082902375155983
2.082902375162328
2.082902375156082
2.0829023751559785
2.0829023751560167
2.082902375155978
2.082902375155978
2.082902375155978
2.0829023751729068
2.0829023751563973
2.082902375155978
2.082902375155978
2.082902375155978
2.082902375174617
2.082902375155978
2.082902375155978
2.082902375155978
2.082902375275155
2.082902375155984
2.082902375155981
2.082902375155995
2.0829023751561637
2.082902375155978
2.0829023751586924
2.082902377352233
2.082902375155978
2.08290237523984
2.082902375155978
2.0829023751559785
2.082902375155978
2.0829023751559794
2.082902375155978
2.082902375155978
2.082902375155978
2.082902375155978
2.082902375156303
2.082902375155978
2.082902375155978
2.082902375155978
2.082902375155978
2.082902375155978
2.08290237515598
2.082902375155978
2.082902375155978
2.0829023751560065
2.082902375155978
2.082902375155978
2.082902375155978
2.082902375212929
2.0829023751562628
2.082902375156151
2.0829023751561913
2.082902375155978
2.082902375155978
2.0829023751565123
2.082902375155978
2.082902375155979
2.0829023751559834
2.082902375156026
2.082902375155978
2.0829023751559785
2.082902375155978
2.082902375155978
2.08290237515598
2.0829023751559794
2.082902375155977
2.082902375155978
2.0829023751559776
2.082902375155978
2.082902375155978
2.082902375155978
2.082902375155978
2.0829023751550038
2.082902375155978
2.082902375155978
2.082902375155593
2.082902375156166
2.0829023758557303
2.082902375155978
2.082902375155978
2.082902375155978
2.0829023751557045
2.082902375155978
2.082902375155979
2.082902375155905
2.082902375155623
2.082902375155962
2.082902375155978
2.082902375213443
2.0829023751559785
2.0829023751559936
2.082902375172347
2.0829023751559808
2.082902375417713
2.082902375156044
2.0829023736276127
2.082902375426661
2.0829023751565705
2.0829023751561087
2.082902375155984
2.082902375155978
2.0829023751668503
2.082902375155978
2.082902375155978
2.082902375155978
2.082902375155978
2.082902375155978
2.082902375156108
2.082902375155978
2.082902375155978
2.082902375155978
2.082902375155978
2.082902375155978
2.082902375155978
2.082902375156052
2.0829023751559985
2.0829023751571665
2.082902375155978
2.082902375155978
2.082902375155979
2.082902375155978
2.082902375155978
2.082902375155978
2.0829023751613116
2.082902375156279
2.082902375155996
2.0829023751559785
2.0829023751590396
2.082902375155978
2.082902375155978
2.082902375155978
2.082902375155978
2.0829023751559936
2.0829023751568507
2.082902375173503
2.082902375334604
2.0829023751559794
2.082902375155978
2.082902375156005
2.0829023751553923
2.08290237515598
2.082902375155978
2.082902375155978
2.082902375155978
2.082902375155978
2.082902375155978
2.0829023751559768
2.0829023751559723
2.082902375155978
2.082902375156156
2.082902375155978
2.082902375155978
2.082902375155978
2.082902375155993
2.0829023751560167
2.0829023751559785
2.082902375155978
2.082902375155964
2.082902375155992
2.0829023752382527
2.082902375155978
2.082902375155978
2.082902375155978
2.082902375155978
2.082902375155978
2.082902375155978
2.082902375155978
2.082902375156085
2.082902375157835
2.082902375155993
2.082902375155978
2.082902375155979
2.0829023751564635
2.082902375155978
2.0829023751559768
2.0829023751559785
2.0829023751585387
2.082902375155978
2.082902375278603
2.0829023751559843
2.082902375155978
2.0829023751556446
2.0829023751559785
2.082902375155978
2.0829023751559785
2.082902375155978
2.082902375156704
2.0829023751558187
2.0829023751559754
2.082902375155941
2.0829023751588203
2.0829023751560034
2.082902375155978
2.082902375155978
2.082902375155978
2.0829023751559794
2.082902375155978
2.082902375155978
2.082902375155978
2.082902375155978
2.082902375155978
2.082902375155978
2.082902375155978
2.0829023751558884
2.0829023751478353
2.082902375155978
2.082902375155978
2.08290237515603
2.082902375155978
2.082902375155978
2.082902375666119
2.0829023751559808
2.082902375155978
2.082902375155978
2.082902375187522
2.082902375155978
2.082902375155978
2.082902375155978
2.082902375155978
2.082902375155978
2.0829024007126486
2.082902375155978
2.0829023751560265
2.0829023751564066
2.0829023751823375
2.0829023751886977
2.0829023751559994
2.082902375155978
2.082902375155978
2.082902375155978
2.082902375155978
2.0829023751803155
2.082902375155978
2.0829023751560203
2.0829023751559808
2.0829023751559794
2.082902375155978
2.082902375155998
2.082902375155993
2.082902375155978
2.082902375155978
2.082902375155978
2.082902375155978
2.082902375156424
2.082902375155978
2.08290237514256
2.082902375155883
2.082902375155978
2.082902375155978
2.0829023751559785
2.082902580998071
2.0829023777498064
2.082902375155978
2.0829023776389013
2.082902375156481
2.082902375155978
2.082902375155978
2.0829023762334393
2.0829023751559785
2.082902375155978
2.0829023751559785
2.08290237515598
2.082902375155978
2.082902382124293
2.082902375156006
2.082902375155978
2.082902375156003
2.082902375157128
2.082902375155978
2.082902375155978
2.082902375156034
2.082902375155978
2.082902375155978
2.082902375155978
2.082902375155978
2.082902375155978
2.082902375155978
2.082902375155978
2.0829023751541857
2.082902375155978
2.0829023751705398
2.0829023751559803
2.082902375155978
2.082902375155978
2.082902375155978
2.082902375156024
2.082902375155978
2.082902375155978
2.082902375155978
2.0829023751559848
2.082902375157335
2.082902375155978
2.082902375155978
2.0829023751559785
2.082902375156385
2.082902375155978
2.082902375155978
2.082902375155978
2.082902375155978
2.082902375155978
2.0829023751559794
2.0829023756304537
2.082902375155978
2.082902375155978
2.082902375156017
2.082902375238704
2.082902375155978
2.082902375155978
2.082902375155978
2.0829023751559803
2.0829023751562743
2.082902375155979
2.0829023751559435
2.0829023751559768
2.0829023759572047
2.08290237515598
2.0829023751559816
2.08290237515605
2.082902375156116
2.082902375155978
2.082902375155978
2.082902375155978
2.0829023751565527
2.0829023751559785
2.082902375155931
2.082902375155978
2.082902375155978
2.0829023751582576
2.082902375155978
2.082902375155978
2.082902375155978
2.0829023751560216
2.082902375155978
2.082902375155978
2.0829023751560225
2.082902375155978
2.082902375155978
2.082902375155978
2.082902375155978
2.0829023751559803
2.0829023751883087
2.082902375156193
2.0829023751543607
2.082902375155978
2.082902375155977
2.082902375155978
2.0829023751559737
2.082902375155978
2.082902375155978
2.082902375155978
2.082902375155978
2.082902375155978
2.082902375155978
2.082902375155978
2.0829023751561917
2.082902375155978
2.082902375155978
2.082902375155978
2.082902375155978
2.082902375155978
2.0829023751559785
2.082902375155978
2.0829023751572895
2.082902375155978
2.082902375155978
2.0829023751559785
2.0829023751559888
2.082902375155978
2.0829023751568485
2.082902375155978
2.082902375155978
2.082902375155978
2.082902375155978
2.082902375155978
2.082902375155978
2.082902375155978
2.082902375155978
2.082902375156044
2.082902375155978
2.0829023751559794
2.0829023751567854
2.082902375155978
2.0829023751559963
2.0829023751559825
2.0829023790920265
2.082902375155978
2.082902375155978
2.082902375155978
2.082902375155978
2.082902375155978
2.0829023751626066
2.082902375155978
2.0829023751587674
2.082902375156011
2.08290237516889
2.082902375155978
2.082902375155978
2.0829023751559776
2.082902375155955
2.082902375155978
2.082902375155978
2.082902375155978
2.082902375155978
2.082902375155978
2.0829023751571127
2.082902375156243
2.082902375155978
2.082902375155978
2.082902374945078
2.0829023751559794
2.08290237515632
2.082902375155978
2.082902375155978
2.082902375155978
2.082902375155978
2.082902375155978
2.082902375155978
2.0829023751591436
2.082902375155978
2.082902375155978
2.082902375155978
2.082902375155978
2.082902375155978
2.0829023751559785
2.082902375155978
2.0829023751600624
2.082902375155978
2.082902375155978
2.082902375155978
2.082902375155978
2.0829023751559665
2.0829023751559785
2.082902375155978
2.082902375155978
2.082902375155978
2.0829023751562104
2.0829023763735397
2.082902375155982
2.082902375155978
2.082902375155978
2.082902375155978
2.082902375155978
2.082902375155978
2.082902375155978
2.082902375155978
2.082902375155978
2.082902375155978
2.082902375155978
2.082902375155978
2.0829023751559745
2.082902375155978
2.082902375155978
2.082902375166124
2.082902375155978
2.082902375155978
2.082902375155978
2.0829023752071745
2.0829023752085125
2.08290237517134
2.08290237515588
2.082902375155989
2.0829023760092804
2.082902375155978
2.082902375155978
2.082902375155978
2.082902375155989
2.0829023751622886
2.082902375155978
2.082902375155978
2.082902375155978
2.082902375155978
2.082902375155978
2.082902375155979
2.082902375155978
2.082902375155978
2.0829023751559776
2.082902375155978
2.082902375155978
2.082902375155978
2.082902375155978
2.082902375155978
2.082902375155978
2.082902375155978
2.082902375155978
2.082902375155978
2.082902375155978
2.0829023751559776
2.08290237515597
2.082902375155978
2.082902375155978
2.082902375155978
2.082902375155978
2.0829023751570674
2.082902375155978
2.082902375155978
2.0829023751560283
2.082902375155978
2.0829023751559776
2.0829023751559785
2.082902375155978
2.082902375155978
2.082902375155978
2.082902375155978
2.0829023751559763
2.082902375155978
2.082902375155978
2.0829023751559794
2.0829023751578646
2.0829023751559776
2.0829023751559776
2.0829023751562574
2.082902375155985
2.0829023737823453
2.0829022299628073
2.082902373787496
2.082902375155978
2.0829023751409808
2.082902375156021
2.0829023750802316
2.082902351954894
2.0829023751559754
2.0829022309500713
2.0829023751559776
2.0829023713314943
2.0829023693396342
2.0829023751559883
2.082902375057526
2.082902375155978
2.082902375155978
2.082902375155978
2.082902375155978
2.082902375155978
